[2024-10-08 06:15:56] local.ERROR: Command "migration" is not defined.

Did you mean one of these?
    make:migration
    migrate
    migrate:fresh
    migrate:install
    migrate:refresh
    migrate:reset
    migrate:rollback
    migrate:status {"exception":"[object] (Symfony\\Component\\Console\\Exception\\CommandNotFoundException(code: 0): Command \"migration\" is not defined.

Did you mean one of these?
    make:migration
    migrate
    migrate:fresh
    migrate:install
    migrate:refresh
    migrate:reset
    migrate:rollback
    migrate:status at D:\\UGM\\SV\\DTEDI\\TRPL\\SEMESTER3\\PPW2\\PemainMu\\vendor\\symfony\\console\\Application.php:737)
[stacktrace]
#0 D:\\UGM\\SV\\DTEDI\\TRPL\\SEMESTER3\\PPW2\\PemainMu\\vendor\\symfony\\console\\Application.php(266): Symfony\\Component\\Console\\Application->find('migration')
#1 D:\\UGM\\SV\\DTEDI\\TRPL\\SEMESTER3\\PPW2\\PemainMu\\vendor\\symfony\\console\\Application.php(175): Symfony\\Component\\Console\\Application->doRun(Object(Symfony\\Component\\Console\\Input\\ArgvInput), Object(Symfony\\Component\\Console\\Output\\ConsoleOutput))
#2 D:\\UGM\\SV\\DTEDI\\TRPL\\SEMESTER3\\PPW2\\PemainMu\\vendor\\laravel\\framework\\src\\Illuminate\\Foundation\\Console\\Kernel.php(201): Symfony\\Component\\Console\\Application->run(Object(Symfony\\Component\\Console\\Input\\ArgvInput), Object(Symfony\\Component\\Console\\Output\\ConsoleOutput))
#3 D:\\UGM\\SV\\DTEDI\\TRPL\\SEMESTER3\\PPW2\\PemainMu\\artisan(35): Illuminate\\Foundation\\Console\\Kernel->handle(Object(Symfony\\Component\\Console\\Input\\ArgvInput), Object(Symfony\\Component\\Console\\Output\\ConsoleOutput))
#4 {main}
"} 
[2024-10-08 06:16:19] local.ERROR: Command "migration" is not defined.

Did you mean one of these?
    make:migration
    migrate
    migrate:fresh
    migrate:install
    migrate:refresh
    migrate:reset
    migrate:rollback
    migrate:status {"exception":"[object] (Symfony\\Component\\Console\\Exception\\CommandNotFoundException(code: 0): Command \"migration\" is not defined.

Did you mean one of these?
    make:migration
    migrate
    migrate:fresh
    migrate:install
    migrate:refresh
    migrate:reset
    migrate:rollback
    migrate:status at D:\\UGM\\SV\\DTEDI\\TRPL\\SEMESTER3\\PPW2\\PemainMu\\vendor\\symfony\\console\\Application.php:737)
[stacktrace]
#0 D:\\UGM\\SV\\DTEDI\\TRPL\\SEMESTER3\\PPW2\\PemainMu\\vendor\\symfony\\console\\Application.php(266): Symfony\\Component\\Console\\Application->find('migration')
#1 D:\\UGM\\SV\\DTEDI\\TRPL\\SEMESTER3\\PPW2\\PemainMu\\vendor\\symfony\\console\\Application.php(175): Symfony\\Component\\Console\\Application->doRun(Object(Symfony\\Component\\Console\\Input\\ArgvInput), Object(Symfony\\Component\\Console\\Output\\ConsoleOutput))
#2 D:\\UGM\\SV\\DTEDI\\TRPL\\SEMESTER3\\PPW2\\PemainMu\\vendor\\laravel\\framework\\src\\Illuminate\\Foundation\\Console\\Kernel.php(201): Symfony\\Component\\Console\\Application->run(Object(Symfony\\Component\\Console\\Input\\ArgvInput), Object(Symfony\\Component\\Console\\Output\\ConsoleOutput))
#3 D:\\UGM\\SV\\DTEDI\\TRPL\\SEMESTER3\\PPW2\\PemainMu\\artisan(35): Illuminate\\Foundation\\Console\\Kernel->handle(Object(Symfony\\Component\\Console\\Input\\ArgvInput), Object(Symfony\\Component\\Console\\Output\\ConsoleOutput))
#4 {main}
"} 
[2024-10-08 06:52:21] local.ERROR: Command "mograte" is not defined.

Did you mean one of these?
    migrate
    migrate:fresh
    migrate:install
    migrate:refresh
    migrate:reset
    migrate:rollback
    migrate:status {"exception":"[object] (Symfony\\Component\\Console\\Exception\\CommandNotFoundException(code: 0): Command \"mograte\" is not defined.

Did you mean one of these?
    migrate
    migrate:fresh
    migrate:install
    migrate:refresh
    migrate:reset
    migrate:rollback
    migrate:status at D:\\UGM\\SV\\DTEDI\\TRPL\\SEMESTER3\\PPW2\\PemainMu\\vendor\\symfony\\console\\Application.php:737)
[stacktrace]
#0 D:\\UGM\\SV\\DTEDI\\TRPL\\SEMESTER3\\PPW2\\PemainMu\\vendor\\symfony\\console\\Application.php(266): Symfony\\Component\\Console\\Application->find('mograte')
#1 D:\\UGM\\SV\\DTEDI\\TRPL\\SEMESTER3\\PPW2\\PemainMu\\vendor\\symfony\\console\\Application.php(175): Symfony\\Component\\Console\\Application->doRun(Object(Symfony\\Component\\Console\\Input\\ArgvInput), Object(Symfony\\Component\\Console\\Output\\ConsoleOutput))
#2 D:\\UGM\\SV\\DTEDI\\TRPL\\SEMESTER3\\PPW2\\PemainMu\\vendor\\laravel\\framework\\src\\Illuminate\\Foundation\\Console\\Kernel.php(201): Symfony\\Component\\Console\\Application->run(Object(Symfony\\Component\\Console\\Input\\ArgvInput), Object(Symfony\\Component\\Console\\Output\\ConsoleOutput))
#3 D:\\UGM\\SV\\DTEDI\\TRPL\\SEMESTER3\\PPW2\\PemainMu\\artisan(35): Illuminate\\Foundation\\Console\\Kernel->handle(Object(Symfony\\Component\\Console\\Input\\ArgvInput), Object(Symfony\\Component\\Console\\Output\\ConsoleOutput))
#4 {main}
"} 
[2024-10-08 06:57:49] local.ERROR: Undefined variable $id {"view":{"view":"D:\\UGM\\SV\\DTEDI\\TRPL\\SEMESTER3\\PPW2\\PemainMu\\resources\\views\\Pemain.blade.php","data":{"errors":"<pre class=sf-dump id=sf-dump-1173941967 data-indent-pad=\"  \"><span class=sf-dump-note>Illuminate\\Support\\ViewErrorBag</span> {<a class=sf-dump-ref>#281</a><samp data-depth=1 class=sf-dump-expanded>
  #<span class=sf-dump-protected title=\"Protected property\">bags</span>: []
</samp>}
</pre><script>Sfdump(\"sf-dump-1173941967\", {\"maxDepth\":3,\"maxStringLength\":160})</script>
"}},"exception":"[object] (Spatie\\LaravelIgnition\\Exceptions\\ViewException(code: 0): Undefined variable $id at D:\\UGM\\SV\\DTEDI\\TRPL\\SEMESTER3\\PPW2\\PemainMu\\resources\\views\\Pemain.blade.php:13)
[stacktrace]
#0 D:\\UGM\\SV\\DTEDI\\TRPL\\SEMESTER3\\PPW2\\PemainMu\\vendor\\laravel\\framework\\src\\Illuminate\\Filesystem\\Filesystem.php(123): require('D:\\\\UGM\\\\SV\\\\DTEDI...')
#1 D:\\UGM\\SV\\DTEDI\\TRPL\\SEMESTER3\\PPW2\\PemainMu\\vendor\\laravel\\framework\\src\\Illuminate\\Filesystem\\Filesystem.php(124): Illuminate\\Filesystem\\Filesystem::Illuminate\\Filesystem\\{closure}()
#2 D:\\UGM\\SV\\DTEDI\\TRPL\\SEMESTER3\\PPW2\\PemainMu\\vendor\\laravel\\framework\\src\\Illuminate\\View\\Engines\\PhpEngine.php(58): Illuminate\\Filesystem\\Filesystem->getRequire('D:\\\\UGM\\\\SV\\\\DTEDI...', Array)
#3 D:\\UGM\\SV\\DTEDI\\TRPL\\SEMESTER3\\PPW2\\PemainMu\\vendor\\laravel\\framework\\src\\Illuminate\\View\\Engines\\CompilerEngine.php(72): Illuminate\\View\\Engines\\PhpEngine->evaluatePath('D:\\\\UGM\\\\SV\\\\DTEDI...', Array)
#4 D:\\UGM\\SV\\DTEDI\\TRPL\\SEMESTER3\\PPW2\\PemainMu\\vendor\\laravel\\framework\\src\\Illuminate\\View\\View.php(207): Illuminate\\View\\Engines\\CompilerEngine->get('D:\\\\UGM\\\\SV\\\\DTEDI...', Array)
#5 D:\\UGM\\SV\\DTEDI\\TRPL\\SEMESTER3\\PPW2\\PemainMu\\vendor\\laravel\\framework\\src\\Illuminate\\View\\View.php(190): Illuminate\\View\\View->getContents()
#6 D:\\UGM\\SV\\DTEDI\\TRPL\\SEMESTER3\\PPW2\\PemainMu\\vendor\\laravel\\framework\\src\\Illuminate\\View\\View.php(159): Illuminate\\View\\View->renderContents()
#7 D:\\UGM\\SV\\DTEDI\\TRPL\\SEMESTER3\\PPW2\\PemainMu\\vendor\\laravel\\framework\\src\\Illuminate\\Http\\Response.php(69): Illuminate\\View\\View->render()
#8 D:\\UGM\\SV\\DTEDI\\TRPL\\SEMESTER3\\PPW2\\PemainMu\\vendor\\laravel\\framework\\src\\Illuminate\\Http\\Response.php(35): Illuminate\\Http\\Response->setContent(Object(Illuminate\\View\\View))
#9 D:\\UGM\\SV\\DTEDI\\TRPL\\SEMESTER3\\PPW2\\PemainMu\\vendor\\laravel\\framework\\src\\Illuminate\\Routing\\Router.php(918): Illuminate\\Http\\Response->__construct(Object(Illuminate\\View\\View), 200, Array)
#10 D:\\UGM\\SV\\DTEDI\\TRPL\\SEMESTER3\\PPW2\\PemainMu\\vendor\\laravel\\framework\\src\\Illuminate\\Routing\\Router.php(885): Illuminate\\Routing\\Router::toResponse(Object(Illuminate\\Http\\Request), Object(Illuminate\\View\\View))
#11 D:\\UGM\\SV\\DTEDI\\TRPL\\SEMESTER3\\PPW2\\PemainMu\\vendor\\laravel\\framework\\src\\Illuminate\\Routing\\Router.php(805): Illuminate\\Routing\\Router->prepareResponse(Object(Illuminate\\Http\\Request), Object(Illuminate\\View\\View))
#12 D:\\UGM\\SV\\DTEDI\\TRPL\\SEMESTER3\\PPW2\\PemainMu\\vendor\\laravel\\framework\\src\\Illuminate\\Pipeline\\Pipeline.php(144): Illuminate\\Routing\\Router->Illuminate\\Routing\\{closure}(Object(Illuminate\\Http\\Request))
#13 D:\\UGM\\SV\\DTEDI\\TRPL\\SEMESTER3\\PPW2\\PemainMu\\vendor\\laravel\\framework\\src\\Illuminate\\Routing\\Middleware\\SubstituteBindings.php(50): Illuminate\\Pipeline\\Pipeline->Illuminate\\Pipeline\\{closure}(Object(Illuminate\\Http\\Request))
#14 D:\\UGM\\SV\\DTEDI\\TRPL\\SEMESTER3\\PPW2\\PemainMu\\vendor\\laravel\\framework\\src\\Illuminate\\Pipeline\\Pipeline.php(183): Illuminate\\Routing\\Middleware\\SubstituteBindings->handle(Object(Illuminate\\Http\\Request), Object(Closure))
#15 D:\\UGM\\SV\\DTEDI\\TRPL\\SEMESTER3\\PPW2\\PemainMu\\vendor\\laravel\\framework\\src\\Illuminate\\Foundation\\Http\\Middleware\\VerifyCsrfToken.php(78): Illuminate\\Pipeline\\Pipeline->Illuminate\\Pipeline\\{closure}(Object(Illuminate\\Http\\Request))
#16 D:\\UGM\\SV\\DTEDI\\TRPL\\SEMESTER3\\PPW2\\PemainMu\\vendor\\laravel\\framework\\src\\Illuminate\\Pipeline\\Pipeline.php(183): Illuminate\\Foundation\\Http\\Middleware\\VerifyCsrfToken->handle(Object(Illuminate\\Http\\Request), Object(Closure))
#17 D:\\UGM\\SV\\DTEDI\\TRPL\\SEMESTER3\\PPW2\\PemainMu\\vendor\\laravel\\framework\\src\\Illuminate\\View\\Middleware\\ShareErrorsFromSession.php(49): Illuminate\\Pipeline\\Pipeline->Illuminate\\Pipeline\\{closure}(Object(Illuminate\\Http\\Request))
#18 D:\\UGM\\SV\\DTEDI\\TRPL\\SEMESTER3\\PPW2\\PemainMu\\vendor\\laravel\\framework\\src\\Illuminate\\Pipeline\\Pipeline.php(183): Illuminate\\View\\Middleware\\ShareErrorsFromSession->handle(Object(Illuminate\\Http\\Request), Object(Closure))
#19 D:\\UGM\\SV\\DTEDI\\TRPL\\SEMESTER3\\PPW2\\PemainMu\\vendor\\laravel\\framework\\src\\Illuminate\\Session\\Middleware\\StartSession.php(121): Illuminate\\Pipeline\\Pipeline->Illuminate\\Pipeline\\{closure}(Object(Illuminate\\Http\\Request))
#20 D:\\UGM\\SV\\DTEDI\\TRPL\\SEMESTER3\\PPW2\\PemainMu\\vendor\\laravel\\framework\\src\\Illuminate\\Session\\Middleware\\StartSession.php(64): Illuminate\\Session\\Middleware\\StartSession->handleStatefulRequest(Object(Illuminate\\Http\\Request), Object(Illuminate\\Session\\Store), Object(Closure))
#21 D:\\UGM\\SV\\DTEDI\\TRPL\\SEMESTER3\\PPW2\\PemainMu\\vendor\\laravel\\framework\\src\\Illuminate\\Pipeline\\Pipeline.php(183): Illuminate\\Session\\Middleware\\StartSession->handle(Object(Illuminate\\Http\\Request), Object(Closure))
#22 D:\\UGM\\SV\\DTEDI\\TRPL\\SEMESTER3\\PPW2\\PemainMu\\vendor\\laravel\\framework\\src\\Illuminate\\Cookie\\Middleware\\AddQueuedCookiesToResponse.php(37): Illuminate\\Pipeline\\Pipeline->Illuminate\\Pipeline\\{closure}(Object(Illuminate\\Http\\Request))
#23 D:\\UGM\\SV\\DTEDI\\TRPL\\SEMESTER3\\PPW2\\PemainMu\\vendor\\laravel\\framework\\src\\Illuminate\\Pipeline\\Pipeline.php(183): Illuminate\\Cookie\\Middleware\\AddQueuedCookiesToResponse->handle(Object(Illuminate\\Http\\Request), Object(Closure))
#24 D:\\UGM\\SV\\DTEDI\\TRPL\\SEMESTER3\\PPW2\\PemainMu\\vendor\\laravel\\framework\\src\\Illuminate\\Cookie\\Middleware\\EncryptCookies.php(67): Illuminate\\Pipeline\\Pipeline->Illuminate\\Pipeline\\{closure}(Object(Illuminate\\Http\\Request))
#25 D:\\UGM\\SV\\DTEDI\\TRPL\\SEMESTER3\\PPW2\\PemainMu\\vendor\\laravel\\framework\\src\\Illuminate\\Pipeline\\Pipeline.php(183): Illuminate\\Cookie\\Middleware\\EncryptCookies->handle(Object(Illuminate\\Http\\Request), Object(Closure))
#26 D:\\UGM\\SV\\DTEDI\\TRPL\\SEMESTER3\\PPW2\\PemainMu\\vendor\\laravel\\framework\\src\\Illuminate\\Pipeline\\Pipeline.php(119): Illuminate\\Pipeline\\Pipeline->Illuminate\\Pipeline\\{closure}(Object(Illuminate\\Http\\Request))
#27 D:\\UGM\\SV\\DTEDI\\TRPL\\SEMESTER3\\PPW2\\PemainMu\\vendor\\laravel\\framework\\src\\Illuminate\\Routing\\Router.php(805): Illuminate\\Pipeline\\Pipeline->then(Object(Closure))
#28 D:\\UGM\\SV\\DTEDI\\TRPL\\SEMESTER3\\PPW2\\PemainMu\\vendor\\laravel\\framework\\src\\Illuminate\\Routing\\Router.php(784): Illuminate\\Routing\\Router->runRouteWithinStack(Object(Illuminate\\Routing\\Route), Object(Illuminate\\Http\\Request))
#29 D:\\UGM\\SV\\DTEDI\\TRPL\\SEMESTER3\\PPW2\\PemainMu\\vendor\\laravel\\framework\\src\\Illuminate\\Routing\\Router.php(748): Illuminate\\Routing\\Router->runRoute(Object(Illuminate\\Http\\Request), Object(Illuminate\\Routing\\Route))
#30 D:\\UGM\\SV\\DTEDI\\TRPL\\SEMESTER3\\PPW2\\PemainMu\\vendor\\laravel\\framework\\src\\Illuminate\\Routing\\Router.php(737): Illuminate\\Routing\\Router->dispatchToRoute(Object(Illuminate\\Http\\Request))
#31 D:\\UGM\\SV\\DTEDI\\TRPL\\SEMESTER3\\PPW2\\PemainMu\\vendor\\laravel\\framework\\src\\Illuminate\\Foundation\\Http\\Kernel.php(200): Illuminate\\Routing\\Router->dispatch(Object(Illuminate\\Http\\Request))
#32 D:\\UGM\\SV\\DTEDI\\TRPL\\SEMESTER3\\PPW2\\PemainMu\\vendor\\laravel\\framework\\src\\Illuminate\\Pipeline\\Pipeline.php(144): Illuminate\\Foundation\\Http\\Kernel->Illuminate\\Foundation\\Http\\{closure}(Object(Illuminate\\Http\\Request))
#33 D:\\UGM\\SV\\DTEDI\\TRPL\\SEMESTER3\\PPW2\\PemainMu\\vendor\\laravel\\framework\\src\\Illuminate\\Foundation\\Http\\Middleware\\TransformsRequest.php(21): Illuminate\\Pipeline\\Pipeline->Illuminate\\Pipeline\\{closure}(Object(Illuminate\\Http\\Request))
#34 D:\\UGM\\SV\\DTEDI\\TRPL\\SEMESTER3\\PPW2\\PemainMu\\vendor\\laravel\\framework\\src\\Illuminate\\Foundation\\Http\\Middleware\\ConvertEmptyStringsToNull.php(31): Illuminate\\Foundation\\Http\\Middleware\\TransformsRequest->handle(Object(Illuminate\\Http\\Request), Object(Closure))
#35 D:\\UGM\\SV\\DTEDI\\TRPL\\SEMESTER3\\PPW2\\PemainMu\\vendor\\laravel\\framework\\src\\Illuminate\\Pipeline\\Pipeline.php(183): Illuminate\\Foundation\\Http\\Middleware\\ConvertEmptyStringsToNull->handle(Object(Illuminate\\Http\\Request), Object(Closure))
#36 D:\\UGM\\SV\\DTEDI\\TRPL\\SEMESTER3\\PPW2\\PemainMu\\vendor\\laravel\\framework\\src\\Illuminate\\Foundation\\Http\\Middleware\\TransformsRequest.php(21): Illuminate\\Pipeline\\Pipeline->Illuminate\\Pipeline\\{closure}(Object(Illuminate\\Http\\Request))
#37 D:\\UGM\\SV\\DTEDI\\TRPL\\SEMESTER3\\PPW2\\PemainMu\\vendor\\laravel\\framework\\src\\Illuminate\\Foundation\\Http\\Middleware\\TrimStrings.php(40): Illuminate\\Foundation\\Http\\Middleware\\TransformsRequest->handle(Object(Illuminate\\Http\\Request), Object(Closure))
#38 D:\\UGM\\SV\\DTEDI\\TRPL\\SEMESTER3\\PPW2\\PemainMu\\vendor\\laravel\\framework\\src\\Illuminate\\Pipeline\\Pipeline.php(183): Illuminate\\Foundation\\Http\\Middleware\\TrimStrings->handle(Object(Illuminate\\Http\\Request), Object(Closure))
#39 D:\\UGM\\SV\\DTEDI\\TRPL\\SEMESTER3\\PPW2\\PemainMu\\vendor\\laravel\\framework\\src\\Illuminate\\Foundation\\Http\\Middleware\\ValidatePostSize.php(27): Illuminate\\Pipeline\\Pipeline->Illuminate\\Pipeline\\{closure}(Object(Illuminate\\Http\\Request))
#40 D:\\UGM\\SV\\DTEDI\\TRPL\\SEMESTER3\\PPW2\\PemainMu\\vendor\\laravel\\framework\\src\\Illuminate\\Pipeline\\Pipeline.php(183): Illuminate\\Foundation\\Http\\Middleware\\ValidatePostSize->handle(Object(Illuminate\\Http\\Request), Object(Closure))
#41 D:\\UGM\\SV\\DTEDI\\TRPL\\SEMESTER3\\PPW2\\PemainMu\\vendor\\laravel\\framework\\src\\Illuminate\\Foundation\\Http\\Middleware\\PreventRequestsDuringMaintenance.php(99): Illuminate\\Pipeline\\Pipeline->Illuminate\\Pipeline\\{closure}(Object(Illuminate\\Http\\Request))
#42 D:\\UGM\\SV\\DTEDI\\TRPL\\SEMESTER3\\PPW2\\PemainMu\\vendor\\laravel\\framework\\src\\Illuminate\\Pipeline\\Pipeline.php(183): Illuminate\\Foundation\\Http\\Middleware\\PreventRequestsDuringMaintenance->handle(Object(Illuminate\\Http\\Request), Object(Closure))
#43 D:\\UGM\\SV\\DTEDI\\TRPL\\SEMESTER3\\PPW2\\PemainMu\\vendor\\laravel\\framework\\src\\Illuminate\\Http\\Middleware\\HandleCors.php(49): Illuminate\\Pipeline\\Pipeline->Illuminate\\Pipeline\\{closure}(Object(Illuminate\\Http\\Request))
#44 D:\\UGM\\SV\\DTEDI\\TRPL\\SEMESTER3\\PPW2\\PemainMu\\vendor\\laravel\\framework\\src\\Illuminate\\Pipeline\\Pipeline.php(183): Illuminate\\Http\\Middleware\\HandleCors->handle(Object(Illuminate\\Http\\Request), Object(Closure))
#45 D:\\UGM\\SV\\DTEDI\\TRPL\\SEMESTER3\\PPW2\\PemainMu\\vendor\\laravel\\framework\\src\\Illuminate\\Http\\Middleware\\TrustProxies.php(39): Illuminate\\Pipeline\\Pipeline->Illuminate\\Pipeline\\{closure}(Object(Illuminate\\Http\\Request))
#46 D:\\UGM\\SV\\DTEDI\\TRPL\\SEMESTER3\\PPW2\\PemainMu\\vendor\\laravel\\framework\\src\\Illuminate\\Pipeline\\Pipeline.php(183): Illuminate\\Http\\Middleware\\TrustProxies->handle(Object(Illuminate\\Http\\Request), Object(Closure))
#47 D:\\UGM\\SV\\DTEDI\\TRPL\\SEMESTER3\\PPW2\\PemainMu\\vendor\\laravel\\framework\\src\\Illuminate\\Pipeline\\Pipeline.php(119): Illuminate\\Pipeline\\Pipeline->Illuminate\\Pipeline\\{closure}(Object(Illuminate\\Http\\Request))
#48 D:\\UGM\\SV\\DTEDI\\TRPL\\SEMESTER3\\PPW2\\PemainMu\\vendor\\laravel\\framework\\src\\Illuminate\\Foundation\\Http\\Kernel.php(175): Illuminate\\Pipeline\\Pipeline->then(Object(Closure))
#49 D:\\UGM\\SV\\DTEDI\\TRPL\\SEMESTER3\\PPW2\\PemainMu\\vendor\\laravel\\framework\\src\\Illuminate\\Foundation\\Http\\Kernel.php(144): Illuminate\\Foundation\\Http\\Kernel->sendRequestThroughRouter(Object(Illuminate\\Http\\Request))
#50 D:\\UGM\\SV\\DTEDI\\TRPL\\SEMESTER3\\PPW2\\PemainMu\\public\\index.php(51): Illuminate\\Foundation\\Http\\Kernel->handle(Object(Illuminate\\Http\\Request))
#51 D:\\UGM\\SV\\DTEDI\\TRPL\\SEMESTER3\\PPW2\\PemainMu\\vendor\\laravel\\framework\\src\\Illuminate\\Foundation\\resources\\server.php(16): require_once('D:\\\\UGM\\\\SV\\\\DTEDI...')
#52 {main}

[previous exception] [object] (ErrorException(code: 0): Undefined variable $id at D:\\UGM\\SV\\DTEDI\\TRPL\\SEMESTER3\\PPW2\\PemainMu\\storage\\framework\\views\\0c65bfdc19d89b2961b624368b5bc007.php:13)
[stacktrace]
#0 D:\\UGM\\SV\\DTEDI\\TRPL\\SEMESTER3\\PPW2\\PemainMu\\vendor\\laravel\\framework\\src\\Illuminate\\Foundation\\Bootstrap\\HandleExceptions.php(255): Illuminate\\Foundation\\Bootstrap\\HandleExceptions->handleError(2, 'Undefined varia...', 'D:\\\\UGM\\\\SV\\\\DTEDI...', 13)
#1 D:\\UGM\\SV\\DTEDI\\TRPL\\SEMESTER3\\PPW2\\PemainMu\\storage\\framework\\views\\0c65bfdc19d89b2961b624368b5bc007.php(13): Illuminate\\Foundation\\Bootstrap\\HandleExceptions->Illuminate\\Foundation\\Bootstrap\\{closure}(2, 'Undefined varia...', 'D:\\\\UGM\\\\SV\\\\DTEDI...', 13)
#2 D:\\UGM\\SV\\DTEDI\\TRPL\\SEMESTER3\\PPW2\\PemainMu\\vendor\\laravel\\framework\\src\\Illuminate\\Filesystem\\Filesystem.php(123): require('D:\\\\UGM\\\\SV\\\\DTEDI...')
#3 D:\\UGM\\SV\\DTEDI\\TRPL\\SEMESTER3\\PPW2\\PemainMu\\vendor\\laravel\\framework\\src\\Illuminate\\Filesystem\\Filesystem.php(124): Illuminate\\Filesystem\\Filesystem::Illuminate\\Filesystem\\{closure}()
#4 D:\\UGM\\SV\\DTEDI\\TRPL\\SEMESTER3\\PPW2\\PemainMu\\vendor\\laravel\\framework\\src\\Illuminate\\View\\Engines\\PhpEngine.php(58): Illuminate\\Filesystem\\Filesystem->getRequire('D:\\\\UGM\\\\SV\\\\DTEDI...', Array)
#5 D:\\UGM\\SV\\DTEDI\\TRPL\\SEMESTER3\\PPW2\\PemainMu\\vendor\\laravel\\framework\\src\\Illuminate\\View\\Engines\\CompilerEngine.php(72): Illuminate\\View\\Engines\\PhpEngine->evaluatePath('D:\\\\UGM\\\\SV\\\\DTEDI...', Array)
#6 D:\\UGM\\SV\\DTEDI\\TRPL\\SEMESTER3\\PPW2\\PemainMu\\vendor\\laravel\\framework\\src\\Illuminate\\View\\View.php(207): Illuminate\\View\\Engines\\CompilerEngine->get('D:\\\\UGM\\\\SV\\\\DTEDI...', Array)
#7 D:\\UGM\\SV\\DTEDI\\TRPL\\SEMESTER3\\PPW2\\PemainMu\\vendor\\laravel\\framework\\src\\Illuminate\\View\\View.php(190): Illuminate\\View\\View->getContents()
#8 D:\\UGM\\SV\\DTEDI\\TRPL\\SEMESTER3\\PPW2\\PemainMu\\vendor\\laravel\\framework\\src\\Illuminate\\View\\View.php(159): Illuminate\\View\\View->renderContents()
#9 D:\\UGM\\SV\\DTEDI\\TRPL\\SEMESTER3\\PPW2\\PemainMu\\vendor\\laravel\\framework\\src\\Illuminate\\Http\\Response.php(69): Illuminate\\View\\View->render()
#10 D:\\UGM\\SV\\DTEDI\\TRPL\\SEMESTER3\\PPW2\\PemainMu\\vendor\\laravel\\framework\\src\\Illuminate\\Http\\Response.php(35): Illuminate\\Http\\Response->setContent(Object(Illuminate\\View\\View))
#11 D:\\UGM\\SV\\DTEDI\\TRPL\\SEMESTER3\\PPW2\\PemainMu\\vendor\\laravel\\framework\\src\\Illuminate\\Routing\\Router.php(918): Illuminate\\Http\\Response->__construct(Object(Illuminate\\View\\View), 200, Array)
#12 D:\\UGM\\SV\\DTEDI\\TRPL\\SEMESTER3\\PPW2\\PemainMu\\vendor\\laravel\\framework\\src\\Illuminate\\Routing\\Router.php(885): Illuminate\\Routing\\Router::toResponse(Object(Illuminate\\Http\\Request), Object(Illuminate\\View\\View))
#13 D:\\UGM\\SV\\DTEDI\\TRPL\\SEMESTER3\\PPW2\\PemainMu\\vendor\\laravel\\framework\\src\\Illuminate\\Routing\\Router.php(805): Illuminate\\Routing\\Router->prepareResponse(Object(Illuminate\\Http\\Request), Object(Illuminate\\View\\View))
#14 D:\\UGM\\SV\\DTEDI\\TRPL\\SEMESTER3\\PPW2\\PemainMu\\vendor\\laravel\\framework\\src\\Illuminate\\Pipeline\\Pipeline.php(144): Illuminate\\Routing\\Router->Illuminate\\Routing\\{closure}(Object(Illuminate\\Http\\Request))
#15 D:\\UGM\\SV\\DTEDI\\TRPL\\SEMESTER3\\PPW2\\PemainMu\\vendor\\laravel\\framework\\src\\Illuminate\\Routing\\Middleware\\SubstituteBindings.php(50): Illuminate\\Pipeline\\Pipeline->Illuminate\\Pipeline\\{closure}(Object(Illuminate\\Http\\Request))
#16 D:\\UGM\\SV\\DTEDI\\TRPL\\SEMESTER3\\PPW2\\PemainMu\\vendor\\laravel\\framework\\src\\Illuminate\\Pipeline\\Pipeline.php(183): Illuminate\\Routing\\Middleware\\SubstituteBindings->handle(Object(Illuminate\\Http\\Request), Object(Closure))
#17 D:\\UGM\\SV\\DTEDI\\TRPL\\SEMESTER3\\PPW2\\PemainMu\\vendor\\laravel\\framework\\src\\Illuminate\\Foundation\\Http\\Middleware\\VerifyCsrfToken.php(78): Illuminate\\Pipeline\\Pipeline->Illuminate\\Pipeline\\{closure}(Object(Illuminate\\Http\\Request))
#18 D:\\UGM\\SV\\DTEDI\\TRPL\\SEMESTER3\\PPW2\\PemainMu\\vendor\\laravel\\framework\\src\\Illuminate\\Pipeline\\Pipeline.php(183): Illuminate\\Foundation\\Http\\Middleware\\VerifyCsrfToken->handle(Object(Illuminate\\Http\\Request), Object(Closure))
#19 D:\\UGM\\SV\\DTEDI\\TRPL\\SEMESTER3\\PPW2\\PemainMu\\vendor\\laravel\\framework\\src\\Illuminate\\View\\Middleware\\ShareErrorsFromSession.php(49): Illuminate\\Pipeline\\Pipeline->Illuminate\\Pipeline\\{closure}(Object(Illuminate\\Http\\Request))
#20 D:\\UGM\\SV\\DTEDI\\TRPL\\SEMESTER3\\PPW2\\PemainMu\\vendor\\laravel\\framework\\src\\Illuminate\\Pipeline\\Pipeline.php(183): Illuminate\\View\\Middleware\\ShareErrorsFromSession->handle(Object(Illuminate\\Http\\Request), Object(Closure))
#21 D:\\UGM\\SV\\DTEDI\\TRPL\\SEMESTER3\\PPW2\\PemainMu\\vendor\\laravel\\framework\\src\\Illuminate\\Session\\Middleware\\StartSession.php(121): Illuminate\\Pipeline\\Pipeline->Illuminate\\Pipeline\\{closure}(Object(Illuminate\\Http\\Request))
#22 D:\\UGM\\SV\\DTEDI\\TRPL\\SEMESTER3\\PPW2\\PemainMu\\vendor\\laravel\\framework\\src\\Illuminate\\Session\\Middleware\\StartSession.php(64): Illuminate\\Session\\Middleware\\StartSession->handleStatefulRequest(Object(Illuminate\\Http\\Request), Object(Illuminate\\Session\\Store), Object(Closure))
#23 D:\\UGM\\SV\\DTEDI\\TRPL\\SEMESTER3\\PPW2\\PemainMu\\vendor\\laravel\\framework\\src\\Illuminate\\Pipeline\\Pipeline.php(183): Illuminate\\Session\\Middleware\\StartSession->handle(Object(Illuminate\\Http\\Request), Object(Closure))
#24 D:\\UGM\\SV\\DTEDI\\TRPL\\SEMESTER3\\PPW2\\PemainMu\\vendor\\laravel\\framework\\src\\Illuminate\\Cookie\\Middleware\\AddQueuedCookiesToResponse.php(37): Illuminate\\Pipeline\\Pipeline->Illuminate\\Pipeline\\{closure}(Object(Illuminate\\Http\\Request))
#25 D:\\UGM\\SV\\DTEDI\\TRPL\\SEMESTER3\\PPW2\\PemainMu\\vendor\\laravel\\framework\\src\\Illuminate\\Pipeline\\Pipeline.php(183): Illuminate\\Cookie\\Middleware\\AddQueuedCookiesToResponse->handle(Object(Illuminate\\Http\\Request), Object(Closure))
#26 D:\\UGM\\SV\\DTEDI\\TRPL\\SEMESTER3\\PPW2\\PemainMu\\vendor\\laravel\\framework\\src\\Illuminate\\Cookie\\Middleware\\EncryptCookies.php(67): Illuminate\\Pipeline\\Pipeline->Illuminate\\Pipeline\\{closure}(Object(Illuminate\\Http\\Request))
#27 D:\\UGM\\SV\\DTEDI\\TRPL\\SEMESTER3\\PPW2\\PemainMu\\vendor\\laravel\\framework\\src\\Illuminate\\Pipeline\\Pipeline.php(183): Illuminate\\Cookie\\Middleware\\EncryptCookies->handle(Object(Illuminate\\Http\\Request), Object(Closure))
#28 D:\\UGM\\SV\\DTEDI\\TRPL\\SEMESTER3\\PPW2\\PemainMu\\vendor\\laravel\\framework\\src\\Illuminate\\Pipeline\\Pipeline.php(119): Illuminate\\Pipeline\\Pipeline->Illuminate\\Pipeline\\{closure}(Object(Illuminate\\Http\\Request))
#29 D:\\UGM\\SV\\DTEDI\\TRPL\\SEMESTER3\\PPW2\\PemainMu\\vendor\\laravel\\framework\\src\\Illuminate\\Routing\\Router.php(805): Illuminate\\Pipeline\\Pipeline->then(Object(Closure))
#30 D:\\UGM\\SV\\DTEDI\\TRPL\\SEMESTER3\\PPW2\\PemainMu\\vendor\\laravel\\framework\\src\\Illuminate\\Routing\\Router.php(784): Illuminate\\Routing\\Router->runRouteWithinStack(Object(Illuminate\\Routing\\Route), Object(Illuminate\\Http\\Request))
#31 D:\\UGM\\SV\\DTEDI\\TRPL\\SEMESTER3\\PPW2\\PemainMu\\vendor\\laravel\\framework\\src\\Illuminate\\Routing\\Router.php(748): Illuminate\\Routing\\Router->runRoute(Object(Illuminate\\Http\\Request), Object(Illuminate\\Routing\\Route))
#32 D:\\UGM\\SV\\DTEDI\\TRPL\\SEMESTER3\\PPW2\\PemainMu\\vendor\\laravel\\framework\\src\\Illuminate\\Routing\\Router.php(737): Illuminate\\Routing\\Router->dispatchToRoute(Object(Illuminate\\Http\\Request))
#33 D:\\UGM\\SV\\DTEDI\\TRPL\\SEMESTER3\\PPW2\\PemainMu\\vendor\\laravel\\framework\\src\\Illuminate\\Foundation\\Http\\Kernel.php(200): Illuminate\\Routing\\Router->dispatch(Object(Illuminate\\Http\\Request))
#34 D:\\UGM\\SV\\DTEDI\\TRPL\\SEMESTER3\\PPW2\\PemainMu\\vendor\\laravel\\framework\\src\\Illuminate\\Pipeline\\Pipeline.php(144): Illuminate\\Foundation\\Http\\Kernel->Illuminate\\Foundation\\Http\\{closure}(Object(Illuminate\\Http\\Request))
#35 D:\\UGM\\SV\\DTEDI\\TRPL\\SEMESTER3\\PPW2\\PemainMu\\vendor\\laravel\\framework\\src\\Illuminate\\Foundation\\Http\\Middleware\\TransformsRequest.php(21): Illuminate\\Pipeline\\Pipeline->Illuminate\\Pipeline\\{closure}(Object(Illuminate\\Http\\Request))
#36 D:\\UGM\\SV\\DTEDI\\TRPL\\SEMESTER3\\PPW2\\PemainMu\\vendor\\laravel\\framework\\src\\Illuminate\\Foundation\\Http\\Middleware\\ConvertEmptyStringsToNull.php(31): Illuminate\\Foundation\\Http\\Middleware\\TransformsRequest->handle(Object(Illuminate\\Http\\Request), Object(Closure))
#37 D:\\UGM\\SV\\DTEDI\\TRPL\\SEMESTER3\\PPW2\\PemainMu\\vendor\\laravel\\framework\\src\\Illuminate\\Pipeline\\Pipeline.php(183): Illuminate\\Foundation\\Http\\Middleware\\ConvertEmptyStringsToNull->handle(Object(Illuminate\\Http\\Request), Object(Closure))
#38 D:\\UGM\\SV\\DTEDI\\TRPL\\SEMESTER3\\PPW2\\PemainMu\\vendor\\laravel\\framework\\src\\Illuminate\\Foundation\\Http\\Middleware\\TransformsRequest.php(21): Illuminate\\Pipeline\\Pipeline->Illuminate\\Pipeline\\{closure}(Object(Illuminate\\Http\\Request))
#39 D:\\UGM\\SV\\DTEDI\\TRPL\\SEMESTER3\\PPW2\\PemainMu\\vendor\\laravel\\framework\\src\\Illuminate\\Foundation\\Http\\Middleware\\TrimStrings.php(40): Illuminate\\Foundation\\Http\\Middleware\\TransformsRequest->handle(Object(Illuminate\\Http\\Request), Object(Closure))
#40 D:\\UGM\\SV\\DTEDI\\TRPL\\SEMESTER3\\PPW2\\PemainMu\\vendor\\laravel\\framework\\src\\Illuminate\\Pipeline\\Pipeline.php(183): Illuminate\\Foundation\\Http\\Middleware\\TrimStrings->handle(Object(Illuminate\\Http\\Request), Object(Closure))
#41 D:\\UGM\\SV\\DTEDI\\TRPL\\SEMESTER3\\PPW2\\PemainMu\\vendor\\laravel\\framework\\src\\Illuminate\\Foundation\\Http\\Middleware\\ValidatePostSize.php(27): Illuminate\\Pipeline\\Pipeline->Illuminate\\Pipeline\\{closure}(Object(Illuminate\\Http\\Request))
#42 D:\\UGM\\SV\\DTEDI\\TRPL\\SEMESTER3\\PPW2\\PemainMu\\vendor\\laravel\\framework\\src\\Illuminate\\Pipeline\\Pipeline.php(183): Illuminate\\Foundation\\Http\\Middleware\\ValidatePostSize->handle(Object(Illuminate\\Http\\Request), Object(Closure))
#43 D:\\UGM\\SV\\DTEDI\\TRPL\\SEMESTER3\\PPW2\\PemainMu\\vendor\\laravel\\framework\\src\\Illuminate\\Foundation\\Http\\Middleware\\PreventRequestsDuringMaintenance.php(99): Illuminate\\Pipeline\\Pipeline->Illuminate\\Pipeline\\{closure}(Object(Illuminate\\Http\\Request))
#44 D:\\UGM\\SV\\DTEDI\\TRPL\\SEMESTER3\\PPW2\\PemainMu\\vendor\\laravel\\framework\\src\\Illuminate\\Pipeline\\Pipeline.php(183): Illuminate\\Foundation\\Http\\Middleware\\PreventRequestsDuringMaintenance->handle(Object(Illuminate\\Http\\Request), Object(Closure))
#45 D:\\UGM\\SV\\DTEDI\\TRPL\\SEMESTER3\\PPW2\\PemainMu\\vendor\\laravel\\framework\\src\\Illuminate\\Http\\Middleware\\HandleCors.php(49): Illuminate\\Pipeline\\Pipeline->Illuminate\\Pipeline\\{closure}(Object(Illuminate\\Http\\Request))
#46 D:\\UGM\\SV\\DTEDI\\TRPL\\SEMESTER3\\PPW2\\PemainMu\\vendor\\laravel\\framework\\src\\Illuminate\\Pipeline\\Pipeline.php(183): Illuminate\\Http\\Middleware\\HandleCors->handle(Object(Illuminate\\Http\\Request), Object(Closure))
#47 D:\\UGM\\SV\\DTEDI\\TRPL\\SEMESTER3\\PPW2\\PemainMu\\vendor\\laravel\\framework\\src\\Illuminate\\Http\\Middleware\\TrustProxies.php(39): Illuminate\\Pipeline\\Pipeline->Illuminate\\Pipeline\\{closure}(Object(Illuminate\\Http\\Request))
#48 D:\\UGM\\SV\\DTEDI\\TRPL\\SEMESTER3\\PPW2\\PemainMu\\vendor\\laravel\\framework\\src\\Illuminate\\Pipeline\\Pipeline.php(183): Illuminate\\Http\\Middleware\\TrustProxies->handle(Object(Illuminate\\Http\\Request), Object(Closure))
#49 D:\\UGM\\SV\\DTEDI\\TRPL\\SEMESTER3\\PPW2\\PemainMu\\vendor\\laravel\\framework\\src\\Illuminate\\Pipeline\\Pipeline.php(119): Illuminate\\Pipeline\\Pipeline->Illuminate\\Pipeline\\{closure}(Object(Illuminate\\Http\\Request))
#50 D:\\UGM\\SV\\DTEDI\\TRPL\\SEMESTER3\\PPW2\\PemainMu\\vendor\\laravel\\framework\\src\\Illuminate\\Foundation\\Http\\Kernel.php(175): Illuminate\\Pipeline\\Pipeline->then(Object(Closure))
#51 D:\\UGM\\SV\\DTEDI\\TRPL\\SEMESTER3\\PPW2\\PemainMu\\vendor\\laravel\\framework\\src\\Illuminate\\Foundation\\Http\\Kernel.php(144): Illuminate\\Foundation\\Http\\Kernel->sendRequestThroughRouter(Object(Illuminate\\Http\\Request))
#52 D:\\UGM\\SV\\DTEDI\\TRPL\\SEMESTER3\\PPW2\\PemainMu\\public\\index.php(51): Illuminate\\Foundation\\Http\\Kernel->handle(Object(Illuminate\\Http\\Request))
#53 D:\\UGM\\SV\\DTEDI\\TRPL\\SEMESTER3\\PPW2\\PemainMu\\vendor\\laravel\\framework\\src\\Illuminate\\Foundation\\resources\\server.php(16): require_once('D:\\\\UGM\\\\SV\\\\DTEDI...')
#54 {main}
"} 
[2024-10-08 07:04:05] local.ERROR: Target class [PostController] does not exist. {"exception":"[object] (Illuminate\\Contracts\\Container\\BindingResolutionException(code: 0): Target class [PostController] does not exist. at D:\\UGM\\SV\\DTEDI\\TRPL\\SEMESTER3\\PPW2\\PemainMu\\vendor\\laravel\\framework\\src\\Illuminate\\Container\\Container.php:914)
[stacktrace]
#0 D:\\UGM\\SV\\DTEDI\\TRPL\\SEMESTER3\\PPW2\\PemainMu\\vendor\\laravel\\framework\\src\\Illuminate\\Container\\Container.php(795): Illuminate\\Container\\Container->build('PostController')
#1 D:\\UGM\\SV\\DTEDI\\TRPL\\SEMESTER3\\PPW2\\PemainMu\\vendor\\laravel\\framework\\src\\Illuminate\\Foundation\\Application.php(961): Illuminate\\Container\\Container->resolve('PostController', Array, true)
#2 D:\\UGM\\SV\\DTEDI\\TRPL\\SEMESTER3\\PPW2\\PemainMu\\vendor\\laravel\\framework\\src\\Illuminate\\Container\\Container.php(731): Illuminate\\Foundation\\Application->resolve('PostController', Array)
#3 D:\\UGM\\SV\\DTEDI\\TRPL\\SEMESTER3\\PPW2\\PemainMu\\vendor\\laravel\\framework\\src\\Illuminate\\Foundation\\Application.php(946): Illuminate\\Container\\Container->make('PostController', Array)
#4 D:\\UGM\\SV\\DTEDI\\TRPL\\SEMESTER3\\PPW2\\PemainMu\\vendor\\laravel\\framework\\src\\Illuminate\\Routing\\Route.php(278): Illuminate\\Foundation\\Application->make('PostController')
#5 D:\\UGM\\SV\\DTEDI\\TRPL\\SEMESTER3\\PPW2\\PemainMu\\vendor\\laravel\\framework\\src\\Illuminate\\Routing\\Route.php(260): Illuminate\\Routing\\Route->getController()
#6 D:\\UGM\\SV\\DTEDI\\TRPL\\SEMESTER3\\PPW2\\PemainMu\\vendor\\laravel\\framework\\src\\Illuminate\\Routing\\Route.php(205): Illuminate\\Routing\\Route->runController()
#7 D:\\UGM\\SV\\DTEDI\\TRPL\\SEMESTER3\\PPW2\\PemainMu\\vendor\\laravel\\framework\\src\\Illuminate\\Routing\\Router.php(806): Illuminate\\Routing\\Route->run()
#8 D:\\UGM\\SV\\DTEDI\\TRPL\\SEMESTER3\\PPW2\\PemainMu\\vendor\\laravel\\framework\\src\\Illuminate\\Pipeline\\Pipeline.php(144): Illuminate\\Routing\\Router->Illuminate\\Routing\\{closure}(Object(Illuminate\\Http\\Request))
#9 D:\\UGM\\SV\\DTEDI\\TRPL\\SEMESTER3\\PPW2\\PemainMu\\vendor\\laravel\\framework\\src\\Illuminate\\Routing\\Middleware\\SubstituteBindings.php(50): Illuminate\\Pipeline\\Pipeline->Illuminate\\Pipeline\\{closure}(Object(Illuminate\\Http\\Request))
#10 D:\\UGM\\SV\\DTEDI\\TRPL\\SEMESTER3\\PPW2\\PemainMu\\vendor\\laravel\\framework\\src\\Illuminate\\Pipeline\\Pipeline.php(183): Illuminate\\Routing\\Middleware\\SubstituteBindings->handle(Object(Illuminate\\Http\\Request), Object(Closure))
#11 D:\\UGM\\SV\\DTEDI\\TRPL\\SEMESTER3\\PPW2\\PemainMu\\vendor\\laravel\\framework\\src\\Illuminate\\Foundation\\Http\\Middleware\\VerifyCsrfToken.php(78): Illuminate\\Pipeline\\Pipeline->Illuminate\\Pipeline\\{closure}(Object(Illuminate\\Http\\Request))
#12 D:\\UGM\\SV\\DTEDI\\TRPL\\SEMESTER3\\PPW2\\PemainMu\\vendor\\laravel\\framework\\src\\Illuminate\\Pipeline\\Pipeline.php(183): Illuminate\\Foundation\\Http\\Middleware\\VerifyCsrfToken->handle(Object(Illuminate\\Http\\Request), Object(Closure))
#13 D:\\UGM\\SV\\DTEDI\\TRPL\\SEMESTER3\\PPW2\\PemainMu\\vendor\\laravel\\framework\\src\\Illuminate\\View\\Middleware\\ShareErrorsFromSession.php(49): Illuminate\\Pipeline\\Pipeline->Illuminate\\Pipeline\\{closure}(Object(Illuminate\\Http\\Request))
#14 D:\\UGM\\SV\\DTEDI\\TRPL\\SEMESTER3\\PPW2\\PemainMu\\vendor\\laravel\\framework\\src\\Illuminate\\Pipeline\\Pipeline.php(183): Illuminate\\View\\Middleware\\ShareErrorsFromSession->handle(Object(Illuminate\\Http\\Request), Object(Closure))
#15 D:\\UGM\\SV\\DTEDI\\TRPL\\SEMESTER3\\PPW2\\PemainMu\\vendor\\laravel\\framework\\src\\Illuminate\\Session\\Middleware\\StartSession.php(121): Illuminate\\Pipeline\\Pipeline->Illuminate\\Pipeline\\{closure}(Object(Illuminate\\Http\\Request))
#16 D:\\UGM\\SV\\DTEDI\\TRPL\\SEMESTER3\\PPW2\\PemainMu\\vendor\\laravel\\framework\\src\\Illuminate\\Session\\Middleware\\StartSession.php(64): Illuminate\\Session\\Middleware\\StartSession->handleStatefulRequest(Object(Illuminate\\Http\\Request), Object(Illuminate\\Session\\Store), Object(Closure))
#17 D:\\UGM\\SV\\DTEDI\\TRPL\\SEMESTER3\\PPW2\\PemainMu\\vendor\\laravel\\framework\\src\\Illuminate\\Pipeline\\Pipeline.php(183): Illuminate\\Session\\Middleware\\StartSession->handle(Object(Illuminate\\Http\\Request), Object(Closure))
#18 D:\\UGM\\SV\\DTEDI\\TRPL\\SEMESTER3\\PPW2\\PemainMu\\vendor\\laravel\\framework\\src\\Illuminate\\Cookie\\Middleware\\AddQueuedCookiesToResponse.php(37): Illuminate\\Pipeline\\Pipeline->Illuminate\\Pipeline\\{closure}(Object(Illuminate\\Http\\Request))
#19 D:\\UGM\\SV\\DTEDI\\TRPL\\SEMESTER3\\PPW2\\PemainMu\\vendor\\laravel\\framework\\src\\Illuminate\\Pipeline\\Pipeline.php(183): Illuminate\\Cookie\\Middleware\\AddQueuedCookiesToResponse->handle(Object(Illuminate\\Http\\Request), Object(Closure))
#20 D:\\UGM\\SV\\DTEDI\\TRPL\\SEMESTER3\\PPW2\\PemainMu\\vendor\\laravel\\framework\\src\\Illuminate\\Cookie\\Middleware\\EncryptCookies.php(67): Illuminate\\Pipeline\\Pipeline->Illuminate\\Pipeline\\{closure}(Object(Illuminate\\Http\\Request))
#21 D:\\UGM\\SV\\DTEDI\\TRPL\\SEMESTER3\\PPW2\\PemainMu\\vendor\\laravel\\framework\\src\\Illuminate\\Pipeline\\Pipeline.php(183): Illuminate\\Cookie\\Middleware\\EncryptCookies->handle(Object(Illuminate\\Http\\Request), Object(Closure))
#22 D:\\UGM\\SV\\DTEDI\\TRPL\\SEMESTER3\\PPW2\\PemainMu\\vendor\\laravel\\framework\\src\\Illuminate\\Pipeline\\Pipeline.php(119): Illuminate\\Pipeline\\Pipeline->Illuminate\\Pipeline\\{closure}(Object(Illuminate\\Http\\Request))
#23 D:\\UGM\\SV\\DTEDI\\TRPL\\SEMESTER3\\PPW2\\PemainMu\\vendor\\laravel\\framework\\src\\Illuminate\\Routing\\Router.php(805): Illuminate\\Pipeline\\Pipeline->then(Object(Closure))
#24 D:\\UGM\\SV\\DTEDI\\TRPL\\SEMESTER3\\PPW2\\PemainMu\\vendor\\laravel\\framework\\src\\Illuminate\\Routing\\Router.php(784): Illuminate\\Routing\\Router->runRouteWithinStack(Object(Illuminate\\Routing\\Route), Object(Illuminate\\Http\\Request))
#25 D:\\UGM\\SV\\DTEDI\\TRPL\\SEMESTER3\\PPW2\\PemainMu\\vendor\\laravel\\framework\\src\\Illuminate\\Routing\\Router.php(748): Illuminate\\Routing\\Router->runRoute(Object(Illuminate\\Http\\Request), Object(Illuminate\\Routing\\Route))
#26 D:\\UGM\\SV\\DTEDI\\TRPL\\SEMESTER3\\PPW2\\PemainMu\\vendor\\laravel\\framework\\src\\Illuminate\\Routing\\Router.php(737): Illuminate\\Routing\\Router->dispatchToRoute(Object(Illuminate\\Http\\Request))
#27 D:\\UGM\\SV\\DTEDI\\TRPL\\SEMESTER3\\PPW2\\PemainMu\\vendor\\laravel\\framework\\src\\Illuminate\\Foundation\\Http\\Kernel.php(200): Illuminate\\Routing\\Router->dispatch(Object(Illuminate\\Http\\Request))
#28 D:\\UGM\\SV\\DTEDI\\TRPL\\SEMESTER3\\PPW2\\PemainMu\\vendor\\laravel\\framework\\src\\Illuminate\\Pipeline\\Pipeline.php(144): Illuminate\\Foundation\\Http\\Kernel->Illuminate\\Foundation\\Http\\{closure}(Object(Illuminate\\Http\\Request))
#29 D:\\UGM\\SV\\DTEDI\\TRPL\\SEMESTER3\\PPW2\\PemainMu\\vendor\\laravel\\framework\\src\\Illuminate\\Foundation\\Http\\Middleware\\TransformsRequest.php(21): Illuminate\\Pipeline\\Pipeline->Illuminate\\Pipeline\\{closure}(Object(Illuminate\\Http\\Request))
#30 D:\\UGM\\SV\\DTEDI\\TRPL\\SEMESTER3\\PPW2\\PemainMu\\vendor\\laravel\\framework\\src\\Illuminate\\Foundation\\Http\\Middleware\\ConvertEmptyStringsToNull.php(31): Illuminate\\Foundation\\Http\\Middleware\\TransformsRequest->handle(Object(Illuminate\\Http\\Request), Object(Closure))
#31 D:\\UGM\\SV\\DTEDI\\TRPL\\SEMESTER3\\PPW2\\PemainMu\\vendor\\laravel\\framework\\src\\Illuminate\\Pipeline\\Pipeline.php(183): Illuminate\\Foundation\\Http\\Middleware\\ConvertEmptyStringsToNull->handle(Object(Illuminate\\Http\\Request), Object(Closure))
#32 D:\\UGM\\SV\\DTEDI\\TRPL\\SEMESTER3\\PPW2\\PemainMu\\vendor\\laravel\\framework\\src\\Illuminate\\Foundation\\Http\\Middleware\\TransformsRequest.php(21): Illuminate\\Pipeline\\Pipeline->Illuminate\\Pipeline\\{closure}(Object(Illuminate\\Http\\Request))
#33 D:\\UGM\\SV\\DTEDI\\TRPL\\SEMESTER3\\PPW2\\PemainMu\\vendor\\laravel\\framework\\src\\Illuminate\\Foundation\\Http\\Middleware\\TrimStrings.php(40): Illuminate\\Foundation\\Http\\Middleware\\TransformsRequest->handle(Object(Illuminate\\Http\\Request), Object(Closure))
#34 D:\\UGM\\SV\\DTEDI\\TRPL\\SEMESTER3\\PPW2\\PemainMu\\vendor\\laravel\\framework\\src\\Illuminate\\Pipeline\\Pipeline.php(183): Illuminate\\Foundation\\Http\\Middleware\\TrimStrings->handle(Object(Illuminate\\Http\\Request), Object(Closure))
#35 D:\\UGM\\SV\\DTEDI\\TRPL\\SEMESTER3\\PPW2\\PemainMu\\vendor\\laravel\\framework\\src\\Illuminate\\Foundation\\Http\\Middleware\\ValidatePostSize.php(27): Illuminate\\Pipeline\\Pipeline->Illuminate\\Pipeline\\{closure}(Object(Illuminate\\Http\\Request))
#36 D:\\UGM\\SV\\DTEDI\\TRPL\\SEMESTER3\\PPW2\\PemainMu\\vendor\\laravel\\framework\\src\\Illuminate\\Pipeline\\Pipeline.php(183): Illuminate\\Foundation\\Http\\Middleware\\ValidatePostSize->handle(Object(Illuminate\\Http\\Request), Object(Closure))
#37 D:\\UGM\\SV\\DTEDI\\TRPL\\SEMESTER3\\PPW2\\PemainMu\\vendor\\laravel\\framework\\src\\Illuminate\\Foundation\\Http\\Middleware\\PreventRequestsDuringMaintenance.php(99): Illuminate\\Pipeline\\Pipeline->Illuminate\\Pipeline\\{closure}(Object(Illuminate\\Http\\Request))
#38 D:\\UGM\\SV\\DTEDI\\TRPL\\SEMESTER3\\PPW2\\PemainMu\\vendor\\laravel\\framework\\src\\Illuminate\\Pipeline\\Pipeline.php(183): Illuminate\\Foundation\\Http\\Middleware\\PreventRequestsDuringMaintenance->handle(Object(Illuminate\\Http\\Request), Object(Closure))
#39 D:\\UGM\\SV\\DTEDI\\TRPL\\SEMESTER3\\PPW2\\PemainMu\\vendor\\laravel\\framework\\src\\Illuminate\\Http\\Middleware\\HandleCors.php(49): Illuminate\\Pipeline\\Pipeline->Illuminate\\Pipeline\\{closure}(Object(Illuminate\\Http\\Request))
#40 D:\\UGM\\SV\\DTEDI\\TRPL\\SEMESTER3\\PPW2\\PemainMu\\vendor\\laravel\\framework\\src\\Illuminate\\Pipeline\\Pipeline.php(183): Illuminate\\Http\\Middleware\\HandleCors->handle(Object(Illuminate\\Http\\Request), Object(Closure))
#41 D:\\UGM\\SV\\DTEDI\\TRPL\\SEMESTER3\\PPW2\\PemainMu\\vendor\\laravel\\framework\\src\\Illuminate\\Http\\Middleware\\TrustProxies.php(39): Illuminate\\Pipeline\\Pipeline->Illuminate\\Pipeline\\{closure}(Object(Illuminate\\Http\\Request))
#42 D:\\UGM\\SV\\DTEDI\\TRPL\\SEMESTER3\\PPW2\\PemainMu\\vendor\\laravel\\framework\\src\\Illuminate\\Pipeline\\Pipeline.php(183): Illuminate\\Http\\Middleware\\TrustProxies->handle(Object(Illuminate\\Http\\Request), Object(Closure))
#43 D:\\UGM\\SV\\DTEDI\\TRPL\\SEMESTER3\\PPW2\\PemainMu\\vendor\\laravel\\framework\\src\\Illuminate\\Pipeline\\Pipeline.php(119): Illuminate\\Pipeline\\Pipeline->Illuminate\\Pipeline\\{closure}(Object(Illuminate\\Http\\Request))
#44 D:\\UGM\\SV\\DTEDI\\TRPL\\SEMESTER3\\PPW2\\PemainMu\\vendor\\laravel\\framework\\src\\Illuminate\\Foundation\\Http\\Kernel.php(175): Illuminate\\Pipeline\\Pipeline->then(Object(Closure))
#45 D:\\UGM\\SV\\DTEDI\\TRPL\\SEMESTER3\\PPW2\\PemainMu\\vendor\\laravel\\framework\\src\\Illuminate\\Foundation\\Http\\Kernel.php(144): Illuminate\\Foundation\\Http\\Kernel->sendRequestThroughRouter(Object(Illuminate\\Http\\Request))
#46 D:\\UGM\\SV\\DTEDI\\TRPL\\SEMESTER3\\PPW2\\PemainMu\\public\\index.php(51): Illuminate\\Foundation\\Http\\Kernel->handle(Object(Illuminate\\Http\\Request))
#47 D:\\UGM\\SV\\DTEDI\\TRPL\\SEMESTER3\\PPW2\\PemainMu\\vendor\\laravel\\framework\\src\\Illuminate\\Foundation\\resources\\server.php(16): require_once('D:\\\\UGM\\\\SV\\\\DTEDI...')
#48 {main}

[previous exception] [object] (ReflectionException(code: -1): Class \"PostController\" does not exist at D:\\UGM\\SV\\DTEDI\\TRPL\\SEMESTER3\\PPW2\\PemainMu\\vendor\\laravel\\framework\\src\\Illuminate\\Container\\Container.php:912)
[stacktrace]
#0 D:\\UGM\\SV\\DTEDI\\TRPL\\SEMESTER3\\PPW2\\PemainMu\\vendor\\laravel\\framework\\src\\Illuminate\\Container\\Container.php(912): ReflectionClass->__construct('PostController')
#1 D:\\UGM\\SV\\DTEDI\\TRPL\\SEMESTER3\\PPW2\\PemainMu\\vendor\\laravel\\framework\\src\\Illuminate\\Container\\Container.php(795): Illuminate\\Container\\Container->build('PostController')
#2 D:\\UGM\\SV\\DTEDI\\TRPL\\SEMESTER3\\PPW2\\PemainMu\\vendor\\laravel\\framework\\src\\Illuminate\\Foundation\\Application.php(961): Illuminate\\Container\\Container->resolve('PostController', Array, true)
#3 D:\\UGM\\SV\\DTEDI\\TRPL\\SEMESTER3\\PPW2\\PemainMu\\vendor\\laravel\\framework\\src\\Illuminate\\Container\\Container.php(731): Illuminate\\Foundation\\Application->resolve('PostController', Array)
#4 D:\\UGM\\SV\\DTEDI\\TRPL\\SEMESTER3\\PPW2\\PemainMu\\vendor\\laravel\\framework\\src\\Illuminate\\Foundation\\Application.php(946): Illuminate\\Container\\Container->make('PostController', Array)
#5 D:\\UGM\\SV\\DTEDI\\TRPL\\SEMESTER3\\PPW2\\PemainMu\\vendor\\laravel\\framework\\src\\Illuminate\\Routing\\Route.php(278): Illuminate\\Foundation\\Application->make('PostController')
#6 D:\\UGM\\SV\\DTEDI\\TRPL\\SEMESTER3\\PPW2\\PemainMu\\vendor\\laravel\\framework\\src\\Illuminate\\Routing\\Route.php(260): Illuminate\\Routing\\Route->getController()
#7 D:\\UGM\\SV\\DTEDI\\TRPL\\SEMESTER3\\PPW2\\PemainMu\\vendor\\laravel\\framework\\src\\Illuminate\\Routing\\Route.php(205): Illuminate\\Routing\\Route->runController()
#8 D:\\UGM\\SV\\DTEDI\\TRPL\\SEMESTER3\\PPW2\\PemainMu\\vendor\\laravel\\framework\\src\\Illuminate\\Routing\\Router.php(806): Illuminate\\Routing\\Route->run()
#9 D:\\UGM\\SV\\DTEDI\\TRPL\\SEMESTER3\\PPW2\\PemainMu\\vendor\\laravel\\framework\\src\\Illuminate\\Pipeline\\Pipeline.php(144): Illuminate\\Routing\\Router->Illuminate\\Routing\\{closure}(Object(Illuminate\\Http\\Request))
#10 D:\\UGM\\SV\\DTEDI\\TRPL\\SEMESTER3\\PPW2\\PemainMu\\vendor\\laravel\\framework\\src\\Illuminate\\Routing\\Middleware\\SubstituteBindings.php(50): Illuminate\\Pipeline\\Pipeline->Illuminate\\Pipeline\\{closure}(Object(Illuminate\\Http\\Request))
#11 D:\\UGM\\SV\\DTEDI\\TRPL\\SEMESTER3\\PPW2\\PemainMu\\vendor\\laravel\\framework\\src\\Illuminate\\Pipeline\\Pipeline.php(183): Illuminate\\Routing\\Middleware\\SubstituteBindings->handle(Object(Illuminate\\Http\\Request), Object(Closure))
#12 D:\\UGM\\SV\\DTEDI\\TRPL\\SEMESTER3\\PPW2\\PemainMu\\vendor\\laravel\\framework\\src\\Illuminate\\Foundation\\Http\\Middleware\\VerifyCsrfToken.php(78): Illuminate\\Pipeline\\Pipeline->Illuminate\\Pipeline\\{closure}(Object(Illuminate\\Http\\Request))
#13 D:\\UGM\\SV\\DTEDI\\TRPL\\SEMESTER3\\PPW2\\PemainMu\\vendor\\laravel\\framework\\src\\Illuminate\\Pipeline\\Pipeline.php(183): Illuminate\\Foundation\\Http\\Middleware\\VerifyCsrfToken->handle(Object(Illuminate\\Http\\Request), Object(Closure))
#14 D:\\UGM\\SV\\DTEDI\\TRPL\\SEMESTER3\\PPW2\\PemainMu\\vendor\\laravel\\framework\\src\\Illuminate\\View\\Middleware\\ShareErrorsFromSession.php(49): Illuminate\\Pipeline\\Pipeline->Illuminate\\Pipeline\\{closure}(Object(Illuminate\\Http\\Request))
#15 D:\\UGM\\SV\\DTEDI\\TRPL\\SEMESTER3\\PPW2\\PemainMu\\vendor\\laravel\\framework\\src\\Illuminate\\Pipeline\\Pipeline.php(183): Illuminate\\View\\Middleware\\ShareErrorsFromSession->handle(Object(Illuminate\\Http\\Request), Object(Closure))
#16 D:\\UGM\\SV\\DTEDI\\TRPL\\SEMESTER3\\PPW2\\PemainMu\\vendor\\laravel\\framework\\src\\Illuminate\\Session\\Middleware\\StartSession.php(121): Illuminate\\Pipeline\\Pipeline->Illuminate\\Pipeline\\{closure}(Object(Illuminate\\Http\\Request))
#17 D:\\UGM\\SV\\DTEDI\\TRPL\\SEMESTER3\\PPW2\\PemainMu\\vendor\\laravel\\framework\\src\\Illuminate\\Session\\Middleware\\StartSession.php(64): Illuminate\\Session\\Middleware\\StartSession->handleStatefulRequest(Object(Illuminate\\Http\\Request), Object(Illuminate\\Session\\Store), Object(Closure))
#18 D:\\UGM\\SV\\DTEDI\\TRPL\\SEMESTER3\\PPW2\\PemainMu\\vendor\\laravel\\framework\\src\\Illuminate\\Pipeline\\Pipeline.php(183): Illuminate\\Session\\Middleware\\StartSession->handle(Object(Illuminate\\Http\\Request), Object(Closure))
#19 D:\\UGM\\SV\\DTEDI\\TRPL\\SEMESTER3\\PPW2\\PemainMu\\vendor\\laravel\\framework\\src\\Illuminate\\Cookie\\Middleware\\AddQueuedCookiesToResponse.php(37): Illuminate\\Pipeline\\Pipeline->Illuminate\\Pipeline\\{closure}(Object(Illuminate\\Http\\Request))
#20 D:\\UGM\\SV\\DTEDI\\TRPL\\SEMESTER3\\PPW2\\PemainMu\\vendor\\laravel\\framework\\src\\Illuminate\\Pipeline\\Pipeline.php(183): Illuminate\\Cookie\\Middleware\\AddQueuedCookiesToResponse->handle(Object(Illuminate\\Http\\Request), Object(Closure))
#21 D:\\UGM\\SV\\DTEDI\\TRPL\\SEMESTER3\\PPW2\\PemainMu\\vendor\\laravel\\framework\\src\\Illuminate\\Cookie\\Middleware\\EncryptCookies.php(67): Illuminate\\Pipeline\\Pipeline->Illuminate\\Pipeline\\{closure}(Object(Illuminate\\Http\\Request))
#22 D:\\UGM\\SV\\DTEDI\\TRPL\\SEMESTER3\\PPW2\\PemainMu\\vendor\\laravel\\framework\\src\\Illuminate\\Pipeline\\Pipeline.php(183): Illuminate\\Cookie\\Middleware\\EncryptCookies->handle(Object(Illuminate\\Http\\Request), Object(Closure))
#23 D:\\UGM\\SV\\DTEDI\\TRPL\\SEMESTER3\\PPW2\\PemainMu\\vendor\\laravel\\framework\\src\\Illuminate\\Pipeline\\Pipeline.php(119): Illuminate\\Pipeline\\Pipeline->Illuminate\\Pipeline\\{closure}(Object(Illuminate\\Http\\Request))
#24 D:\\UGM\\SV\\DTEDI\\TRPL\\SEMESTER3\\PPW2\\PemainMu\\vendor\\laravel\\framework\\src\\Illuminate\\Routing\\Router.php(805): Illuminate\\Pipeline\\Pipeline->then(Object(Closure))
#25 D:\\UGM\\SV\\DTEDI\\TRPL\\SEMESTER3\\PPW2\\PemainMu\\vendor\\laravel\\framework\\src\\Illuminate\\Routing\\Router.php(784): Illuminate\\Routing\\Router->runRouteWithinStack(Object(Illuminate\\Routing\\Route), Object(Illuminate\\Http\\Request))
#26 D:\\UGM\\SV\\DTEDI\\TRPL\\SEMESTER3\\PPW2\\PemainMu\\vendor\\laravel\\framework\\src\\Illuminate\\Routing\\Router.php(748): Illuminate\\Routing\\Router->runRoute(Object(Illuminate\\Http\\Request), Object(Illuminate\\Routing\\Route))
#27 D:\\UGM\\SV\\DTEDI\\TRPL\\SEMESTER3\\PPW2\\PemainMu\\vendor\\laravel\\framework\\src\\Illuminate\\Routing\\Router.php(737): Illuminate\\Routing\\Router->dispatchToRoute(Object(Illuminate\\Http\\Request))
#28 D:\\UGM\\SV\\DTEDI\\TRPL\\SEMESTER3\\PPW2\\PemainMu\\vendor\\laravel\\framework\\src\\Illuminate\\Foundation\\Http\\Kernel.php(200): Illuminate\\Routing\\Router->dispatch(Object(Illuminate\\Http\\Request))
#29 D:\\UGM\\SV\\DTEDI\\TRPL\\SEMESTER3\\PPW2\\PemainMu\\vendor\\laravel\\framework\\src\\Illuminate\\Pipeline\\Pipeline.php(144): Illuminate\\Foundation\\Http\\Kernel->Illuminate\\Foundation\\Http\\{closure}(Object(Illuminate\\Http\\Request))
#30 D:\\UGM\\SV\\DTEDI\\TRPL\\SEMESTER3\\PPW2\\PemainMu\\vendor\\laravel\\framework\\src\\Illuminate\\Foundation\\Http\\Middleware\\TransformsRequest.php(21): Illuminate\\Pipeline\\Pipeline->Illuminate\\Pipeline\\{closure}(Object(Illuminate\\Http\\Request))
#31 D:\\UGM\\SV\\DTEDI\\TRPL\\SEMESTER3\\PPW2\\PemainMu\\vendor\\laravel\\framework\\src\\Illuminate\\Foundation\\Http\\Middleware\\ConvertEmptyStringsToNull.php(31): Illuminate\\Foundation\\Http\\Middleware\\TransformsRequest->handle(Object(Illuminate\\Http\\Request), Object(Closure))
#32 D:\\UGM\\SV\\DTEDI\\TRPL\\SEMESTER3\\PPW2\\PemainMu\\vendor\\laravel\\framework\\src\\Illuminate\\Pipeline\\Pipeline.php(183): Illuminate\\Foundation\\Http\\Middleware\\ConvertEmptyStringsToNull->handle(Object(Illuminate\\Http\\Request), Object(Closure))
#33 D:\\UGM\\SV\\DTEDI\\TRPL\\SEMESTER3\\PPW2\\PemainMu\\vendor\\laravel\\framework\\src\\Illuminate\\Foundation\\Http\\Middleware\\TransformsRequest.php(21): Illuminate\\Pipeline\\Pipeline->Illuminate\\Pipeline\\{closure}(Object(Illuminate\\Http\\Request))
#34 D:\\UGM\\SV\\DTEDI\\TRPL\\SEMESTER3\\PPW2\\PemainMu\\vendor\\laravel\\framework\\src\\Illuminate\\Foundation\\Http\\Middleware\\TrimStrings.php(40): Illuminate\\Foundation\\Http\\Middleware\\TransformsRequest->handle(Object(Illuminate\\Http\\Request), Object(Closure))
#35 D:\\UGM\\SV\\DTEDI\\TRPL\\SEMESTER3\\PPW2\\PemainMu\\vendor\\laravel\\framework\\src\\Illuminate\\Pipeline\\Pipeline.php(183): Illuminate\\Foundation\\Http\\Middleware\\TrimStrings->handle(Object(Illuminate\\Http\\Request), Object(Closure))
#36 D:\\UGM\\SV\\DTEDI\\TRPL\\SEMESTER3\\PPW2\\PemainMu\\vendor\\laravel\\framework\\src\\Illuminate\\Foundation\\Http\\Middleware\\ValidatePostSize.php(27): Illuminate\\Pipeline\\Pipeline->Illuminate\\Pipeline\\{closure}(Object(Illuminate\\Http\\Request))
#37 D:\\UGM\\SV\\DTEDI\\TRPL\\SEMESTER3\\PPW2\\PemainMu\\vendor\\laravel\\framework\\src\\Illuminate\\Pipeline\\Pipeline.php(183): Illuminate\\Foundation\\Http\\Middleware\\ValidatePostSize->handle(Object(Illuminate\\Http\\Request), Object(Closure))
#38 D:\\UGM\\SV\\DTEDI\\TRPL\\SEMESTER3\\PPW2\\PemainMu\\vendor\\laravel\\framework\\src\\Illuminate\\Foundation\\Http\\Middleware\\PreventRequestsDuringMaintenance.php(99): Illuminate\\Pipeline\\Pipeline->Illuminate\\Pipeline\\{closure}(Object(Illuminate\\Http\\Request))
#39 D:\\UGM\\SV\\DTEDI\\TRPL\\SEMESTER3\\PPW2\\PemainMu\\vendor\\laravel\\framework\\src\\Illuminate\\Pipeline\\Pipeline.php(183): Illuminate\\Foundation\\Http\\Middleware\\PreventRequestsDuringMaintenance->handle(Object(Illuminate\\Http\\Request), Object(Closure))
#40 D:\\UGM\\SV\\DTEDI\\TRPL\\SEMESTER3\\PPW2\\PemainMu\\vendor\\laravel\\framework\\src\\Illuminate\\Http\\Middleware\\HandleCors.php(49): Illuminate\\Pipeline\\Pipeline->Illuminate\\Pipeline\\{closure}(Object(Illuminate\\Http\\Request))
#41 D:\\UGM\\SV\\DTEDI\\TRPL\\SEMESTER3\\PPW2\\PemainMu\\vendor\\laravel\\framework\\src\\Illuminate\\Pipeline\\Pipeline.php(183): Illuminate\\Http\\Middleware\\HandleCors->handle(Object(Illuminate\\Http\\Request), Object(Closure))
#42 D:\\UGM\\SV\\DTEDI\\TRPL\\SEMESTER3\\PPW2\\PemainMu\\vendor\\laravel\\framework\\src\\Illuminate\\Http\\Middleware\\TrustProxies.php(39): Illuminate\\Pipeline\\Pipeline->Illuminate\\Pipeline\\{closure}(Object(Illuminate\\Http\\Request))
#43 D:\\UGM\\SV\\DTEDI\\TRPL\\SEMESTER3\\PPW2\\PemainMu\\vendor\\laravel\\framework\\src\\Illuminate\\Pipeline\\Pipeline.php(183): Illuminate\\Http\\Middleware\\TrustProxies->handle(Object(Illuminate\\Http\\Request), Object(Closure))
#44 D:\\UGM\\SV\\DTEDI\\TRPL\\SEMESTER3\\PPW2\\PemainMu\\vendor\\laravel\\framework\\src\\Illuminate\\Pipeline\\Pipeline.php(119): Illuminate\\Pipeline\\Pipeline->Illuminate\\Pipeline\\{closure}(Object(Illuminate\\Http\\Request))
#45 D:\\UGM\\SV\\DTEDI\\TRPL\\SEMESTER3\\PPW2\\PemainMu\\vendor\\laravel\\framework\\src\\Illuminate\\Foundation\\Http\\Kernel.php(175): Illuminate\\Pipeline\\Pipeline->then(Object(Closure))
#46 D:\\UGM\\SV\\DTEDI\\TRPL\\SEMESTER3\\PPW2\\PemainMu\\vendor\\laravel\\framework\\src\\Illuminate\\Foundation\\Http\\Kernel.php(144): Illuminate\\Foundation\\Http\\Kernel->sendRequestThroughRouter(Object(Illuminate\\Http\\Request))
#47 D:\\UGM\\SV\\DTEDI\\TRPL\\SEMESTER3\\PPW2\\PemainMu\\public\\index.php(51): Illuminate\\Foundation\\Http\\Kernel->handle(Object(Illuminate\\Http\\Request))
#48 D:\\UGM\\SV\\DTEDI\\TRPL\\SEMESTER3\\PPW2\\PemainMu\\vendor\\laravel\\framework\\src\\Illuminate\\Foundation\\resources\\server.php(16): require_once('D:\\\\UGM\\\\SV\\\\DTEDI...')
#49 {main}
"} 
[2024-10-08 07:07:46] local.ERROR: Target class [PostController] does not exist. {"exception":"[object] (Illuminate\\Contracts\\Container\\BindingResolutionException(code: 0): Target class [PostController] does not exist. at D:\\UGM\\SV\\DTEDI\\TRPL\\SEMESTER3\\PPW2\\PemainMu\\vendor\\laravel\\framework\\src\\Illuminate\\Container\\Container.php:914)
[stacktrace]
#0 D:\\UGM\\SV\\DTEDI\\TRPL\\SEMESTER3\\PPW2\\PemainMu\\vendor\\laravel\\framework\\src\\Illuminate\\Container\\Container.php(795): Illuminate\\Container\\Container->build('PostController')
#1 D:\\UGM\\SV\\DTEDI\\TRPL\\SEMESTER3\\PPW2\\PemainMu\\vendor\\laravel\\framework\\src\\Illuminate\\Foundation\\Application.php(961): Illuminate\\Container\\Container->resolve('PostController', Array, true)
#2 D:\\UGM\\SV\\DTEDI\\TRPL\\SEMESTER3\\PPW2\\PemainMu\\vendor\\laravel\\framework\\src\\Illuminate\\Container\\Container.php(731): Illuminate\\Foundation\\Application->resolve('PostController', Array)
#3 D:\\UGM\\SV\\DTEDI\\TRPL\\SEMESTER3\\PPW2\\PemainMu\\vendor\\laravel\\framework\\src\\Illuminate\\Foundation\\Application.php(946): Illuminate\\Container\\Container->make('PostController', Array)
#4 D:\\UGM\\SV\\DTEDI\\TRPL\\SEMESTER3\\PPW2\\PemainMu\\vendor\\laravel\\framework\\src\\Illuminate\\Routing\\Route.php(278): Illuminate\\Foundation\\Application->make('PostController')
#5 D:\\UGM\\SV\\DTEDI\\TRPL\\SEMESTER3\\PPW2\\PemainMu\\vendor\\laravel\\framework\\src\\Illuminate\\Routing\\Route.php(260): Illuminate\\Routing\\Route->getController()
#6 D:\\UGM\\SV\\DTEDI\\TRPL\\SEMESTER3\\PPW2\\PemainMu\\vendor\\laravel\\framework\\src\\Illuminate\\Routing\\Route.php(205): Illuminate\\Routing\\Route->runController()
#7 D:\\UGM\\SV\\DTEDI\\TRPL\\SEMESTER3\\PPW2\\PemainMu\\vendor\\laravel\\framework\\src\\Illuminate\\Routing\\Router.php(806): Illuminate\\Routing\\Route->run()
#8 D:\\UGM\\SV\\DTEDI\\TRPL\\SEMESTER3\\PPW2\\PemainMu\\vendor\\laravel\\framework\\src\\Illuminate\\Pipeline\\Pipeline.php(144): Illuminate\\Routing\\Router->Illuminate\\Routing\\{closure}(Object(Illuminate\\Http\\Request))
#9 D:\\UGM\\SV\\DTEDI\\TRPL\\SEMESTER3\\PPW2\\PemainMu\\vendor\\laravel\\framework\\src\\Illuminate\\Routing\\Middleware\\SubstituteBindings.php(50): Illuminate\\Pipeline\\Pipeline->Illuminate\\Pipeline\\{closure}(Object(Illuminate\\Http\\Request))
#10 D:\\UGM\\SV\\DTEDI\\TRPL\\SEMESTER3\\PPW2\\PemainMu\\vendor\\laravel\\framework\\src\\Illuminate\\Pipeline\\Pipeline.php(183): Illuminate\\Routing\\Middleware\\SubstituteBindings->handle(Object(Illuminate\\Http\\Request), Object(Closure))
#11 D:\\UGM\\SV\\DTEDI\\TRPL\\SEMESTER3\\PPW2\\PemainMu\\vendor\\laravel\\framework\\src\\Illuminate\\Foundation\\Http\\Middleware\\VerifyCsrfToken.php(78): Illuminate\\Pipeline\\Pipeline->Illuminate\\Pipeline\\{closure}(Object(Illuminate\\Http\\Request))
#12 D:\\UGM\\SV\\DTEDI\\TRPL\\SEMESTER3\\PPW2\\PemainMu\\vendor\\laravel\\framework\\src\\Illuminate\\Pipeline\\Pipeline.php(183): Illuminate\\Foundation\\Http\\Middleware\\VerifyCsrfToken->handle(Object(Illuminate\\Http\\Request), Object(Closure))
#13 D:\\UGM\\SV\\DTEDI\\TRPL\\SEMESTER3\\PPW2\\PemainMu\\vendor\\laravel\\framework\\src\\Illuminate\\View\\Middleware\\ShareErrorsFromSession.php(49): Illuminate\\Pipeline\\Pipeline->Illuminate\\Pipeline\\{closure}(Object(Illuminate\\Http\\Request))
#14 D:\\UGM\\SV\\DTEDI\\TRPL\\SEMESTER3\\PPW2\\PemainMu\\vendor\\laravel\\framework\\src\\Illuminate\\Pipeline\\Pipeline.php(183): Illuminate\\View\\Middleware\\ShareErrorsFromSession->handle(Object(Illuminate\\Http\\Request), Object(Closure))
#15 D:\\UGM\\SV\\DTEDI\\TRPL\\SEMESTER3\\PPW2\\PemainMu\\vendor\\laravel\\framework\\src\\Illuminate\\Session\\Middleware\\StartSession.php(121): Illuminate\\Pipeline\\Pipeline->Illuminate\\Pipeline\\{closure}(Object(Illuminate\\Http\\Request))
#16 D:\\UGM\\SV\\DTEDI\\TRPL\\SEMESTER3\\PPW2\\PemainMu\\vendor\\laravel\\framework\\src\\Illuminate\\Session\\Middleware\\StartSession.php(64): Illuminate\\Session\\Middleware\\StartSession->handleStatefulRequest(Object(Illuminate\\Http\\Request), Object(Illuminate\\Session\\Store), Object(Closure))
#17 D:\\UGM\\SV\\DTEDI\\TRPL\\SEMESTER3\\PPW2\\PemainMu\\vendor\\laravel\\framework\\src\\Illuminate\\Pipeline\\Pipeline.php(183): Illuminate\\Session\\Middleware\\StartSession->handle(Object(Illuminate\\Http\\Request), Object(Closure))
#18 D:\\UGM\\SV\\DTEDI\\TRPL\\SEMESTER3\\PPW2\\PemainMu\\vendor\\laravel\\framework\\src\\Illuminate\\Cookie\\Middleware\\AddQueuedCookiesToResponse.php(37): Illuminate\\Pipeline\\Pipeline->Illuminate\\Pipeline\\{closure}(Object(Illuminate\\Http\\Request))
#19 D:\\UGM\\SV\\DTEDI\\TRPL\\SEMESTER3\\PPW2\\PemainMu\\vendor\\laravel\\framework\\src\\Illuminate\\Pipeline\\Pipeline.php(183): Illuminate\\Cookie\\Middleware\\AddQueuedCookiesToResponse->handle(Object(Illuminate\\Http\\Request), Object(Closure))
#20 D:\\UGM\\SV\\DTEDI\\TRPL\\SEMESTER3\\PPW2\\PemainMu\\vendor\\laravel\\framework\\src\\Illuminate\\Cookie\\Middleware\\EncryptCookies.php(67): Illuminate\\Pipeline\\Pipeline->Illuminate\\Pipeline\\{closure}(Object(Illuminate\\Http\\Request))
#21 D:\\UGM\\SV\\DTEDI\\TRPL\\SEMESTER3\\PPW2\\PemainMu\\vendor\\laravel\\framework\\src\\Illuminate\\Pipeline\\Pipeline.php(183): Illuminate\\Cookie\\Middleware\\EncryptCookies->handle(Object(Illuminate\\Http\\Request), Object(Closure))
#22 D:\\UGM\\SV\\DTEDI\\TRPL\\SEMESTER3\\PPW2\\PemainMu\\vendor\\laravel\\framework\\src\\Illuminate\\Pipeline\\Pipeline.php(119): Illuminate\\Pipeline\\Pipeline->Illuminate\\Pipeline\\{closure}(Object(Illuminate\\Http\\Request))
#23 D:\\UGM\\SV\\DTEDI\\TRPL\\SEMESTER3\\PPW2\\PemainMu\\vendor\\laravel\\framework\\src\\Illuminate\\Routing\\Router.php(805): Illuminate\\Pipeline\\Pipeline->then(Object(Closure))
#24 D:\\UGM\\SV\\DTEDI\\TRPL\\SEMESTER3\\PPW2\\PemainMu\\vendor\\laravel\\framework\\src\\Illuminate\\Routing\\Router.php(784): Illuminate\\Routing\\Router->runRouteWithinStack(Object(Illuminate\\Routing\\Route), Object(Illuminate\\Http\\Request))
#25 D:\\UGM\\SV\\DTEDI\\TRPL\\SEMESTER3\\PPW2\\PemainMu\\vendor\\laravel\\framework\\src\\Illuminate\\Routing\\Router.php(748): Illuminate\\Routing\\Router->runRoute(Object(Illuminate\\Http\\Request), Object(Illuminate\\Routing\\Route))
#26 D:\\UGM\\SV\\DTEDI\\TRPL\\SEMESTER3\\PPW2\\PemainMu\\vendor\\laravel\\framework\\src\\Illuminate\\Routing\\Router.php(737): Illuminate\\Routing\\Router->dispatchToRoute(Object(Illuminate\\Http\\Request))
#27 D:\\UGM\\SV\\DTEDI\\TRPL\\SEMESTER3\\PPW2\\PemainMu\\vendor\\laravel\\framework\\src\\Illuminate\\Foundation\\Http\\Kernel.php(200): Illuminate\\Routing\\Router->dispatch(Object(Illuminate\\Http\\Request))
#28 D:\\UGM\\SV\\DTEDI\\TRPL\\SEMESTER3\\PPW2\\PemainMu\\vendor\\laravel\\framework\\src\\Illuminate\\Pipeline\\Pipeline.php(144): Illuminate\\Foundation\\Http\\Kernel->Illuminate\\Foundation\\Http\\{closure}(Object(Illuminate\\Http\\Request))
#29 D:\\UGM\\SV\\DTEDI\\TRPL\\SEMESTER3\\PPW2\\PemainMu\\vendor\\laravel\\framework\\src\\Illuminate\\Foundation\\Http\\Middleware\\TransformsRequest.php(21): Illuminate\\Pipeline\\Pipeline->Illuminate\\Pipeline\\{closure}(Object(Illuminate\\Http\\Request))
#30 D:\\UGM\\SV\\DTEDI\\TRPL\\SEMESTER3\\PPW2\\PemainMu\\vendor\\laravel\\framework\\src\\Illuminate\\Foundation\\Http\\Middleware\\ConvertEmptyStringsToNull.php(31): Illuminate\\Foundation\\Http\\Middleware\\TransformsRequest->handle(Object(Illuminate\\Http\\Request), Object(Closure))
#31 D:\\UGM\\SV\\DTEDI\\TRPL\\SEMESTER3\\PPW2\\PemainMu\\vendor\\laravel\\framework\\src\\Illuminate\\Pipeline\\Pipeline.php(183): Illuminate\\Foundation\\Http\\Middleware\\ConvertEmptyStringsToNull->handle(Object(Illuminate\\Http\\Request), Object(Closure))
#32 D:\\UGM\\SV\\DTEDI\\TRPL\\SEMESTER3\\PPW2\\PemainMu\\vendor\\laravel\\framework\\src\\Illuminate\\Foundation\\Http\\Middleware\\TransformsRequest.php(21): Illuminate\\Pipeline\\Pipeline->Illuminate\\Pipeline\\{closure}(Object(Illuminate\\Http\\Request))
#33 D:\\UGM\\SV\\DTEDI\\TRPL\\SEMESTER3\\PPW2\\PemainMu\\vendor\\laravel\\framework\\src\\Illuminate\\Foundation\\Http\\Middleware\\TrimStrings.php(40): Illuminate\\Foundation\\Http\\Middleware\\TransformsRequest->handle(Object(Illuminate\\Http\\Request), Object(Closure))
#34 D:\\UGM\\SV\\DTEDI\\TRPL\\SEMESTER3\\PPW2\\PemainMu\\vendor\\laravel\\framework\\src\\Illuminate\\Pipeline\\Pipeline.php(183): Illuminate\\Foundation\\Http\\Middleware\\TrimStrings->handle(Object(Illuminate\\Http\\Request), Object(Closure))
#35 D:\\UGM\\SV\\DTEDI\\TRPL\\SEMESTER3\\PPW2\\PemainMu\\vendor\\laravel\\framework\\src\\Illuminate\\Foundation\\Http\\Middleware\\ValidatePostSize.php(27): Illuminate\\Pipeline\\Pipeline->Illuminate\\Pipeline\\{closure}(Object(Illuminate\\Http\\Request))
#36 D:\\UGM\\SV\\DTEDI\\TRPL\\SEMESTER3\\PPW2\\PemainMu\\vendor\\laravel\\framework\\src\\Illuminate\\Pipeline\\Pipeline.php(183): Illuminate\\Foundation\\Http\\Middleware\\ValidatePostSize->handle(Object(Illuminate\\Http\\Request), Object(Closure))
#37 D:\\UGM\\SV\\DTEDI\\TRPL\\SEMESTER3\\PPW2\\PemainMu\\vendor\\laravel\\framework\\src\\Illuminate\\Foundation\\Http\\Middleware\\PreventRequestsDuringMaintenance.php(99): Illuminate\\Pipeline\\Pipeline->Illuminate\\Pipeline\\{closure}(Object(Illuminate\\Http\\Request))
#38 D:\\UGM\\SV\\DTEDI\\TRPL\\SEMESTER3\\PPW2\\PemainMu\\vendor\\laravel\\framework\\src\\Illuminate\\Pipeline\\Pipeline.php(183): Illuminate\\Foundation\\Http\\Middleware\\PreventRequestsDuringMaintenance->handle(Object(Illuminate\\Http\\Request), Object(Closure))
#39 D:\\UGM\\SV\\DTEDI\\TRPL\\SEMESTER3\\PPW2\\PemainMu\\vendor\\laravel\\framework\\src\\Illuminate\\Http\\Middleware\\HandleCors.php(49): Illuminate\\Pipeline\\Pipeline->Illuminate\\Pipeline\\{closure}(Object(Illuminate\\Http\\Request))
#40 D:\\UGM\\SV\\DTEDI\\TRPL\\SEMESTER3\\PPW2\\PemainMu\\vendor\\laravel\\framework\\src\\Illuminate\\Pipeline\\Pipeline.php(183): Illuminate\\Http\\Middleware\\HandleCors->handle(Object(Illuminate\\Http\\Request), Object(Closure))
#41 D:\\UGM\\SV\\DTEDI\\TRPL\\SEMESTER3\\PPW2\\PemainMu\\vendor\\laravel\\framework\\src\\Illuminate\\Http\\Middleware\\TrustProxies.php(39): Illuminate\\Pipeline\\Pipeline->Illuminate\\Pipeline\\{closure}(Object(Illuminate\\Http\\Request))
#42 D:\\UGM\\SV\\DTEDI\\TRPL\\SEMESTER3\\PPW2\\PemainMu\\vendor\\laravel\\framework\\src\\Illuminate\\Pipeline\\Pipeline.php(183): Illuminate\\Http\\Middleware\\TrustProxies->handle(Object(Illuminate\\Http\\Request), Object(Closure))
#43 D:\\UGM\\SV\\DTEDI\\TRPL\\SEMESTER3\\PPW2\\PemainMu\\vendor\\laravel\\framework\\src\\Illuminate\\Pipeline\\Pipeline.php(119): Illuminate\\Pipeline\\Pipeline->Illuminate\\Pipeline\\{closure}(Object(Illuminate\\Http\\Request))
#44 D:\\UGM\\SV\\DTEDI\\TRPL\\SEMESTER3\\PPW2\\PemainMu\\vendor\\laravel\\framework\\src\\Illuminate\\Foundation\\Http\\Kernel.php(175): Illuminate\\Pipeline\\Pipeline->then(Object(Closure))
#45 D:\\UGM\\SV\\DTEDI\\TRPL\\SEMESTER3\\PPW2\\PemainMu\\vendor\\laravel\\framework\\src\\Illuminate\\Foundation\\Http\\Kernel.php(144): Illuminate\\Foundation\\Http\\Kernel->sendRequestThroughRouter(Object(Illuminate\\Http\\Request))
#46 D:\\UGM\\SV\\DTEDI\\TRPL\\SEMESTER3\\PPW2\\PemainMu\\public\\index.php(51): Illuminate\\Foundation\\Http\\Kernel->handle(Object(Illuminate\\Http\\Request))
#47 D:\\UGM\\SV\\DTEDI\\TRPL\\SEMESTER3\\PPW2\\PemainMu\\vendor\\laravel\\framework\\src\\Illuminate\\Foundation\\resources\\server.php(16): require_once('D:\\\\UGM\\\\SV\\\\DTEDI...')
#48 {main}

[previous exception] [object] (ReflectionException(code: -1): Class \"PostController\" does not exist at D:\\UGM\\SV\\DTEDI\\TRPL\\SEMESTER3\\PPW2\\PemainMu\\vendor\\laravel\\framework\\src\\Illuminate\\Container\\Container.php:912)
[stacktrace]
#0 D:\\UGM\\SV\\DTEDI\\TRPL\\SEMESTER3\\PPW2\\PemainMu\\vendor\\laravel\\framework\\src\\Illuminate\\Container\\Container.php(912): ReflectionClass->__construct('PostController')
#1 D:\\UGM\\SV\\DTEDI\\TRPL\\SEMESTER3\\PPW2\\PemainMu\\vendor\\laravel\\framework\\src\\Illuminate\\Container\\Container.php(795): Illuminate\\Container\\Container->build('PostController')
#2 D:\\UGM\\SV\\DTEDI\\TRPL\\SEMESTER3\\PPW2\\PemainMu\\vendor\\laravel\\framework\\src\\Illuminate\\Foundation\\Application.php(961): Illuminate\\Container\\Container->resolve('PostController', Array, true)
#3 D:\\UGM\\SV\\DTEDI\\TRPL\\SEMESTER3\\PPW2\\PemainMu\\vendor\\laravel\\framework\\src\\Illuminate\\Container\\Container.php(731): Illuminate\\Foundation\\Application->resolve('PostController', Array)
#4 D:\\UGM\\SV\\DTEDI\\TRPL\\SEMESTER3\\PPW2\\PemainMu\\vendor\\laravel\\framework\\src\\Illuminate\\Foundation\\Application.php(946): Illuminate\\Container\\Container->make('PostController', Array)
#5 D:\\UGM\\SV\\DTEDI\\TRPL\\SEMESTER3\\PPW2\\PemainMu\\vendor\\laravel\\framework\\src\\Illuminate\\Routing\\Route.php(278): Illuminate\\Foundation\\Application->make('PostController')
#6 D:\\UGM\\SV\\DTEDI\\TRPL\\SEMESTER3\\PPW2\\PemainMu\\vendor\\laravel\\framework\\src\\Illuminate\\Routing\\Route.php(260): Illuminate\\Routing\\Route->getController()
#7 D:\\UGM\\SV\\DTEDI\\TRPL\\SEMESTER3\\PPW2\\PemainMu\\vendor\\laravel\\framework\\src\\Illuminate\\Routing\\Route.php(205): Illuminate\\Routing\\Route->runController()
#8 D:\\UGM\\SV\\DTEDI\\TRPL\\SEMESTER3\\PPW2\\PemainMu\\vendor\\laravel\\framework\\src\\Illuminate\\Routing\\Router.php(806): Illuminate\\Routing\\Route->run()
#9 D:\\UGM\\SV\\DTEDI\\TRPL\\SEMESTER3\\PPW2\\PemainMu\\vendor\\laravel\\framework\\src\\Illuminate\\Pipeline\\Pipeline.php(144): Illuminate\\Routing\\Router->Illuminate\\Routing\\{closure}(Object(Illuminate\\Http\\Request))
#10 D:\\UGM\\SV\\DTEDI\\TRPL\\SEMESTER3\\PPW2\\PemainMu\\vendor\\laravel\\framework\\src\\Illuminate\\Routing\\Middleware\\SubstituteBindings.php(50): Illuminate\\Pipeline\\Pipeline->Illuminate\\Pipeline\\{closure}(Object(Illuminate\\Http\\Request))
#11 D:\\UGM\\SV\\DTEDI\\TRPL\\SEMESTER3\\PPW2\\PemainMu\\vendor\\laravel\\framework\\src\\Illuminate\\Pipeline\\Pipeline.php(183): Illuminate\\Routing\\Middleware\\SubstituteBindings->handle(Object(Illuminate\\Http\\Request), Object(Closure))
#12 D:\\UGM\\SV\\DTEDI\\TRPL\\SEMESTER3\\PPW2\\PemainMu\\vendor\\laravel\\framework\\src\\Illuminate\\Foundation\\Http\\Middleware\\VerifyCsrfToken.php(78): Illuminate\\Pipeline\\Pipeline->Illuminate\\Pipeline\\{closure}(Object(Illuminate\\Http\\Request))
#13 D:\\UGM\\SV\\DTEDI\\TRPL\\SEMESTER3\\PPW2\\PemainMu\\vendor\\laravel\\framework\\src\\Illuminate\\Pipeline\\Pipeline.php(183): Illuminate\\Foundation\\Http\\Middleware\\VerifyCsrfToken->handle(Object(Illuminate\\Http\\Request), Object(Closure))
#14 D:\\UGM\\SV\\DTEDI\\TRPL\\SEMESTER3\\PPW2\\PemainMu\\vendor\\laravel\\framework\\src\\Illuminate\\View\\Middleware\\ShareErrorsFromSession.php(49): Illuminate\\Pipeline\\Pipeline->Illuminate\\Pipeline\\{closure}(Object(Illuminate\\Http\\Request))
#15 D:\\UGM\\SV\\DTEDI\\TRPL\\SEMESTER3\\PPW2\\PemainMu\\vendor\\laravel\\framework\\src\\Illuminate\\Pipeline\\Pipeline.php(183): Illuminate\\View\\Middleware\\ShareErrorsFromSession->handle(Object(Illuminate\\Http\\Request), Object(Closure))
#16 D:\\UGM\\SV\\DTEDI\\TRPL\\SEMESTER3\\PPW2\\PemainMu\\vendor\\laravel\\framework\\src\\Illuminate\\Session\\Middleware\\StartSession.php(121): Illuminate\\Pipeline\\Pipeline->Illuminate\\Pipeline\\{closure}(Object(Illuminate\\Http\\Request))
#17 D:\\UGM\\SV\\DTEDI\\TRPL\\SEMESTER3\\PPW2\\PemainMu\\vendor\\laravel\\framework\\src\\Illuminate\\Session\\Middleware\\StartSession.php(64): Illuminate\\Session\\Middleware\\StartSession->handleStatefulRequest(Object(Illuminate\\Http\\Request), Object(Illuminate\\Session\\Store), Object(Closure))
#18 D:\\UGM\\SV\\DTEDI\\TRPL\\SEMESTER3\\PPW2\\PemainMu\\vendor\\laravel\\framework\\src\\Illuminate\\Pipeline\\Pipeline.php(183): Illuminate\\Session\\Middleware\\StartSession->handle(Object(Illuminate\\Http\\Request), Object(Closure))
#19 D:\\UGM\\SV\\DTEDI\\TRPL\\SEMESTER3\\PPW2\\PemainMu\\vendor\\laravel\\framework\\src\\Illuminate\\Cookie\\Middleware\\AddQueuedCookiesToResponse.php(37): Illuminate\\Pipeline\\Pipeline->Illuminate\\Pipeline\\{closure}(Object(Illuminate\\Http\\Request))
#20 D:\\UGM\\SV\\DTEDI\\TRPL\\SEMESTER3\\PPW2\\PemainMu\\vendor\\laravel\\framework\\src\\Illuminate\\Pipeline\\Pipeline.php(183): Illuminate\\Cookie\\Middleware\\AddQueuedCookiesToResponse->handle(Object(Illuminate\\Http\\Request), Object(Closure))
#21 D:\\UGM\\SV\\DTEDI\\TRPL\\SEMESTER3\\PPW2\\PemainMu\\vendor\\laravel\\framework\\src\\Illuminate\\Cookie\\Middleware\\EncryptCookies.php(67): Illuminate\\Pipeline\\Pipeline->Illuminate\\Pipeline\\{closure}(Object(Illuminate\\Http\\Request))
#22 D:\\UGM\\SV\\DTEDI\\TRPL\\SEMESTER3\\PPW2\\PemainMu\\vendor\\laravel\\framework\\src\\Illuminate\\Pipeline\\Pipeline.php(183): Illuminate\\Cookie\\Middleware\\EncryptCookies->handle(Object(Illuminate\\Http\\Request), Object(Closure))
#23 D:\\UGM\\SV\\DTEDI\\TRPL\\SEMESTER3\\PPW2\\PemainMu\\vendor\\laravel\\framework\\src\\Illuminate\\Pipeline\\Pipeline.php(119): Illuminate\\Pipeline\\Pipeline->Illuminate\\Pipeline\\{closure}(Object(Illuminate\\Http\\Request))
#24 D:\\UGM\\SV\\DTEDI\\TRPL\\SEMESTER3\\PPW2\\PemainMu\\vendor\\laravel\\framework\\src\\Illuminate\\Routing\\Router.php(805): Illuminate\\Pipeline\\Pipeline->then(Object(Closure))
#25 D:\\UGM\\SV\\DTEDI\\TRPL\\SEMESTER3\\PPW2\\PemainMu\\vendor\\laravel\\framework\\src\\Illuminate\\Routing\\Router.php(784): Illuminate\\Routing\\Router->runRouteWithinStack(Object(Illuminate\\Routing\\Route), Object(Illuminate\\Http\\Request))
#26 D:\\UGM\\SV\\DTEDI\\TRPL\\SEMESTER3\\PPW2\\PemainMu\\vendor\\laravel\\framework\\src\\Illuminate\\Routing\\Router.php(748): Illuminate\\Routing\\Router->runRoute(Object(Illuminate\\Http\\Request), Object(Illuminate\\Routing\\Route))
#27 D:\\UGM\\SV\\DTEDI\\TRPL\\SEMESTER3\\PPW2\\PemainMu\\vendor\\laravel\\framework\\src\\Illuminate\\Routing\\Router.php(737): Illuminate\\Routing\\Router->dispatchToRoute(Object(Illuminate\\Http\\Request))
#28 D:\\UGM\\SV\\DTEDI\\TRPL\\SEMESTER3\\PPW2\\PemainMu\\vendor\\laravel\\framework\\src\\Illuminate\\Foundation\\Http\\Kernel.php(200): Illuminate\\Routing\\Router->dispatch(Object(Illuminate\\Http\\Request))
#29 D:\\UGM\\SV\\DTEDI\\TRPL\\SEMESTER3\\PPW2\\PemainMu\\vendor\\laravel\\framework\\src\\Illuminate\\Pipeline\\Pipeline.php(144): Illuminate\\Foundation\\Http\\Kernel->Illuminate\\Foundation\\Http\\{closure}(Object(Illuminate\\Http\\Request))
#30 D:\\UGM\\SV\\DTEDI\\TRPL\\SEMESTER3\\PPW2\\PemainMu\\vendor\\laravel\\framework\\src\\Illuminate\\Foundation\\Http\\Middleware\\TransformsRequest.php(21): Illuminate\\Pipeline\\Pipeline->Illuminate\\Pipeline\\{closure}(Object(Illuminate\\Http\\Request))
#31 D:\\UGM\\SV\\DTEDI\\TRPL\\SEMESTER3\\PPW2\\PemainMu\\vendor\\laravel\\framework\\src\\Illuminate\\Foundation\\Http\\Middleware\\ConvertEmptyStringsToNull.php(31): Illuminate\\Foundation\\Http\\Middleware\\TransformsRequest->handle(Object(Illuminate\\Http\\Request), Object(Closure))
#32 D:\\UGM\\SV\\DTEDI\\TRPL\\SEMESTER3\\PPW2\\PemainMu\\vendor\\laravel\\framework\\src\\Illuminate\\Pipeline\\Pipeline.php(183): Illuminate\\Foundation\\Http\\Middleware\\ConvertEmptyStringsToNull->handle(Object(Illuminate\\Http\\Request), Object(Closure))
#33 D:\\UGM\\SV\\DTEDI\\TRPL\\SEMESTER3\\PPW2\\PemainMu\\vendor\\laravel\\framework\\src\\Illuminate\\Foundation\\Http\\Middleware\\TransformsRequest.php(21): Illuminate\\Pipeline\\Pipeline->Illuminate\\Pipeline\\{closure}(Object(Illuminate\\Http\\Request))
#34 D:\\UGM\\SV\\DTEDI\\TRPL\\SEMESTER3\\PPW2\\PemainMu\\vendor\\laravel\\framework\\src\\Illuminate\\Foundation\\Http\\Middleware\\TrimStrings.php(40): Illuminate\\Foundation\\Http\\Middleware\\TransformsRequest->handle(Object(Illuminate\\Http\\Request), Object(Closure))
#35 D:\\UGM\\SV\\DTEDI\\TRPL\\SEMESTER3\\PPW2\\PemainMu\\vendor\\laravel\\framework\\src\\Illuminate\\Pipeline\\Pipeline.php(183): Illuminate\\Foundation\\Http\\Middleware\\TrimStrings->handle(Object(Illuminate\\Http\\Request), Object(Closure))
#36 D:\\UGM\\SV\\DTEDI\\TRPL\\SEMESTER3\\PPW2\\PemainMu\\vendor\\laravel\\framework\\src\\Illuminate\\Foundation\\Http\\Middleware\\ValidatePostSize.php(27): Illuminate\\Pipeline\\Pipeline->Illuminate\\Pipeline\\{closure}(Object(Illuminate\\Http\\Request))
#37 D:\\UGM\\SV\\DTEDI\\TRPL\\SEMESTER3\\PPW2\\PemainMu\\vendor\\laravel\\framework\\src\\Illuminate\\Pipeline\\Pipeline.php(183): Illuminate\\Foundation\\Http\\Middleware\\ValidatePostSize->handle(Object(Illuminate\\Http\\Request), Object(Closure))
#38 D:\\UGM\\SV\\DTEDI\\TRPL\\SEMESTER3\\PPW2\\PemainMu\\vendor\\laravel\\framework\\src\\Illuminate\\Foundation\\Http\\Middleware\\PreventRequestsDuringMaintenance.php(99): Illuminate\\Pipeline\\Pipeline->Illuminate\\Pipeline\\{closure}(Object(Illuminate\\Http\\Request))
#39 D:\\UGM\\SV\\DTEDI\\TRPL\\SEMESTER3\\PPW2\\PemainMu\\vendor\\laravel\\framework\\src\\Illuminate\\Pipeline\\Pipeline.php(183): Illuminate\\Foundation\\Http\\Middleware\\PreventRequestsDuringMaintenance->handle(Object(Illuminate\\Http\\Request), Object(Closure))
#40 D:\\UGM\\SV\\DTEDI\\TRPL\\SEMESTER3\\PPW2\\PemainMu\\vendor\\laravel\\framework\\src\\Illuminate\\Http\\Middleware\\HandleCors.php(49): Illuminate\\Pipeline\\Pipeline->Illuminate\\Pipeline\\{closure}(Object(Illuminate\\Http\\Request))
#41 D:\\UGM\\SV\\DTEDI\\TRPL\\SEMESTER3\\PPW2\\PemainMu\\vendor\\laravel\\framework\\src\\Illuminate\\Pipeline\\Pipeline.php(183): Illuminate\\Http\\Middleware\\HandleCors->handle(Object(Illuminate\\Http\\Request), Object(Closure))
#42 D:\\UGM\\SV\\DTEDI\\TRPL\\SEMESTER3\\PPW2\\PemainMu\\vendor\\laravel\\framework\\src\\Illuminate\\Http\\Middleware\\TrustProxies.php(39): Illuminate\\Pipeline\\Pipeline->Illuminate\\Pipeline\\{closure}(Object(Illuminate\\Http\\Request))
#43 D:\\UGM\\SV\\DTEDI\\TRPL\\SEMESTER3\\PPW2\\PemainMu\\vendor\\laravel\\framework\\src\\Illuminate\\Pipeline\\Pipeline.php(183): Illuminate\\Http\\Middleware\\TrustProxies->handle(Object(Illuminate\\Http\\Request), Object(Closure))
#44 D:\\UGM\\SV\\DTEDI\\TRPL\\SEMESTER3\\PPW2\\PemainMu\\vendor\\laravel\\framework\\src\\Illuminate\\Pipeline\\Pipeline.php(119): Illuminate\\Pipeline\\Pipeline->Illuminate\\Pipeline\\{closure}(Object(Illuminate\\Http\\Request))
#45 D:\\UGM\\SV\\DTEDI\\TRPL\\SEMESTER3\\PPW2\\PemainMu\\vendor\\laravel\\framework\\src\\Illuminate\\Foundation\\Http\\Kernel.php(175): Illuminate\\Pipeline\\Pipeline->then(Object(Closure))
#46 D:\\UGM\\SV\\DTEDI\\TRPL\\SEMESTER3\\PPW2\\PemainMu\\vendor\\laravel\\framework\\src\\Illuminate\\Foundation\\Http\\Kernel.php(144): Illuminate\\Foundation\\Http\\Kernel->sendRequestThroughRouter(Object(Illuminate\\Http\\Request))
#47 D:\\UGM\\SV\\DTEDI\\TRPL\\SEMESTER3\\PPW2\\PemainMu\\public\\index.php(51): Illuminate\\Foundation\\Http\\Kernel->handle(Object(Illuminate\\Http\\Request))
#48 D:\\UGM\\SV\\DTEDI\\TRPL\\SEMESTER3\\PPW2\\PemainMu\\vendor\\laravel\\framework\\src\\Illuminate\\Foundation\\resources\\server.php(16): require_once('D:\\\\UGM\\\\SV\\\\DTEDI...')
#49 {main}
"} 
